[    0.000000] Initializing cgroup subsys cpuset
[    0.000000] Initializing cgroup subsys cpu
[    0.000000] Initializing cgroup subsys cpuacct
[    0.000000] Linux version 4.4.0-210-generic (buildd@lgw01-amd64-009) (gcc version 5.4.0 20160609 (Ubuntu 5.4.0-6ubuntu1~16.04.12) ) #242-Ubuntu SMP Fri Apr 16 09:57:56 UTC 2021 (Ubuntu 4.4.0-210.242-generic 4.4.262)
[    0.000000] Command line: BOOT_IMAGE=/boot/vmlinuz-4.4.0-210-generic root=LABEL=cloudimg-rootfs ro console=tty1 console=ttyS0
[    0.000000] KERNEL supported cpus:
[    0.000000]   Intel GenuineIntel
[    0.000000]   AMD AuthenticAMD
[    0.000000]   Centaur CentaurHauls
[    0.000000] x86/fpu: Legacy x87 FPU detected.
[    0.000000] e820: BIOS-provided physical RAM map:
[    0.000000] BIOS-e820: [mem 0x0000000000000000-0x000000000009fbff] usable
[    0.000000] BIOS-e820: [mem 0x000000000009fc00-0x000000000009ffff] reserved
[    0.000000] BIOS-e820: [mem 0x00000000000f0000-0x00000000000fffff] reserved
[    0.000000] BIOS-e820: [mem 0x0000000000100000-0x000000003ffeffff] usable
[    0.000000] BIOS-e820: [mem 0x000000003fff0000-0x000000003fffffff] ACPI data
[    0.000000] BIOS-e820: [mem 0x00000000fec00000-0x00000000fec00fff] reserved
[    0.000000] BIOS-e820: [mem 0x00000000fee00000-0x00000000fee00fff] reserved
[    0.000000] BIOS-e820: [mem 0x00000000fffc0000-0x00000000ffffffff] reserved
[    0.000000] NX (Execute Disable) protection: active
[    0.000000] SMBIOS 2.5 present.
[    0.000000] Hypervisor detected: KVM
[    0.000000] Kernel/User page tables isolation: disabled
[    0.000000] e820: last_pfn = 0x3fff0 max_arch_pfn = 0x400000000
[    0.000000] MTRR: Disabled
[    0.000000] x86/PAT: MTRRs disabled, skipping PAT initialization too.
[    0.000000] CPU MTRRs all blank - virtualized system.
[    0.000000] x86/PAT: Configuration [0-7]: WB  WT  UC- UC  WB  WT  UC- UC  
[    0.000000] found SMP MP-table at [mem 0x0009fff0-0x0009ffff] mapped at [ffff88000009fff0]
[    0.000000] Scanning 1 areas for low memory corruption
[    0.000000] RAMDISK: [mem 0x362dc000-0x37165fff]
[    0.000000] ACPI: Early table checksum verification disabled
[    0.000000] ACPI: RSDP 0x00000000000E0000 000024 (v02 VBOX  )
[    0.000000] ACPI: XSDT 0x000000003FFF0030 00003C (v01 VBOX   VBOXXSDT 00000001 ASL  00000061)
[    0.000000] ACPI: FACP 0x000000003FFF00F0 0000F4 (v04 VBOX   VBOXFACP 00000001 ASL  00000061)
[    0.000000] ACPI: DSDT 0x000000003FFF0610 002353 (v02 VBOX   VBOXBIOS 00000002 INTL 20100528)
[    0.000000] ACPI: FACS 0x000000003FFF0200 000040
[    0.000000] ACPI: FACS 0x000000003FFF0200 000040
[    0.000000] ACPI: APIC 0x000000003FFF0240 00005C (v02 VBOX   VBOXAPIC 00000001 ASL  00000061)
[    0.000000] ACPI: SSDT 0x000000003FFF02A0 00036C (v01 VBOX   VBOXCPUT 00000002 INTL 20100528)
[    0.000000] No NUMA configuration found
[    0.000000] Faking a node at [mem 0x0000000000000000-0x000000003ffeffff]
[    0.000000] NODE_DATA(0) allocated [mem 0x3ffeb000-0x3ffeffff]
[    0.000000] kvm-clock: Using msrs 4b564d01 and 4b564d00
[    0.000000] kvm-clock: cpu 0, msr 0:3ffe3001, primary cpu clock
[    0.000000] kvm-clock: using sched offset of 3155375753 cycles
[    0.000000] clocksource: kvm-clock: mask: 0xffffffffffffffff max_cycles: 0x1cd42e4dffb, max_idle_ns: 881590591483 ns
[    0.000000] Zone ranges:
[    0.000000]   DMA      [mem 0x0000000000001000-0x0000000000ffffff]
[    0.000000]   DMA32    [mem 0x0000000001000000-0x000000003ffeffff]
[    0.000000]   Normal   empty
[    0.000000]   Device   empty
[    0.000000] Movable zone start for each node
[    0.000000] Early memory node ranges
[    0.000000]   node   0: [mem 0x0000000000001000-0x000000000009efff]
[    0.000000]   node   0: [mem 0x0000000000100000-0x000000003ffeffff]
[    0.000000] Initmem setup node 0 [mem 0x0000000000001000-0x000000003ffeffff]
[    0.000000] ACPI: PM-Timer IO Port: 0x4008
[    0.000000] IOAPIC[0]: apic_id 2, version 32, address 0xfec00000, GSI 0-23
[    0.000000] ACPI: INT_SRC_OVR (bus 0 bus_irq 0 global_irq 2 dfl dfl)
[    0.000000] ACPI: INT_SRC_OVR (bus 0 bus_irq 9 global_irq 9 low level)
[    0.000000] Using ACPI (MADT) for SMP configuration information
[    0.000000] smpboot: Allowing 2 CPUs, 0 hotplug CPUs
[    0.000000] PM: Registered nosave memory: [mem 0x00000000-0x00000fff]
[    0.000000] PM: Registered nosave memory: [mem 0x0009f000-0x0009ffff]
[    0.000000] PM: Registered nosave memory: [mem 0x000a0000-0x000effff]
[    0.000000] PM: Registered nosave memory: [mem 0x000f0000-0x000fffff]
[    0.000000] e820: [mem 0x40000000-0xfebfffff] available for PCI devices
[    0.000000] Booting paravirtualized kernel on KVM
[    0.000000] clocksource: refined-jiffies: mask: 0xffffffff max_cycles: 0xffffffff, max_idle_ns: 7645519600211568 ns
[    0.000000] setup_percpu: NR_CPUS:512 nr_cpumask_bits:512 nr_cpu_ids:2 nr_node_ids:1
[    0.000000] PERCPU: Embedded 33 pages/cpu @ffff88003fc00000 s95192 r8192 d31784 u1048576
[    0.000000] Built 1 zonelists in Node order, mobility grouping on.  Total pages: 257912
[    0.000000] Policy zone: DMA32
[    0.000000] Kernel command line: BOOT_IMAGE=/boot/vmlinuz-4.4.0-210-generic root=LABEL=cloudimg-rootfs ro console=tty1 console=ttyS0
[    0.000000] PID hash table entries: 4096 (order: 3, 32768 bytes)
[    0.000000] Memory: 997792K/1048120K available (8644K kernel code, 1332K rwdata, 4044K rodata, 1492K init, 1164K bss, 50328K reserved, 0K cma-reserved)
[    0.000000] SLUB: HWalign=64, Order=0-3, MinObjects=0, CPUs=2, Nodes=1
[    0.000000] Hierarchical RCU implementation.
[    0.000000] 	Build-time adjustment of leaf fanout to 64.
[    0.000000] 	RCU restricting CPUs from NR_CPUS=512 to nr_cpu_ids=2.
[    0.000000] RCU: Adjusting geometry for rcu_fanout_leaf=64, nr_cpu_ids=2
[    0.000000] NR_IRQS:33024 nr_irqs:440 16
[    0.000000] Console: colour VGA+ 80x25
[    0.000000] console [tty1] enabled
[    0.000000] console [ttyS0] enabled
[    0.000000] tsc: Detected 2803.434 MHz processor
[    0.389360] Calibrating delay loop (skipped) preset value.. 5606.86 BogoMIPS (lpj=11213736)
[    0.397473] pid_max: default: 32768 minimum: 301
[    0.400673] ACPI: Core revision 20150930
[    0.404083] ACPI: 2 ACPI AML tables successfully acquired and loaded
[    0.411377] Security Framework initialized
[    0.414621] Yama: becoming mindful.
[    0.417116] AppArmor: AppArmor initialized
[    0.420249] Dentry cache hash table entries: 131072 (order: 8, 1048576 bytes)
[    0.427864] Inode-cache hash table entries: 65536 (order: 7, 524288 bytes)
[    0.434613] Mount-cache hash table entries: 2048 (order: 2, 16384 bytes)
[    0.443595] Mountpoint-cache hash table entries: 2048 (order: 2, 16384 bytes)
[    0.448503] Initializing cgroup subsys io
[    0.451066] Initializing cgroup subsys memory
[    0.453851] Initializing cgroup subsys devices
[    0.457978] Initializing cgroup subsys freezer
[    0.462597] Initializing cgroup subsys net_cls
[    0.466449] Initializing cgroup subsys perf_event
[    0.469988] Initializing cgroup subsys net_prio
[    0.472929] Initializing cgroup subsys hugetlb
[    0.475718] Initializing cgroup subsys pids
[    0.505973] mce: CPU supports 0 MCE banks
[    0.511619] Last level iTLB entries: 4KB 0, 2MB 0, 4MB 0
[    0.514411] Last level dTLB entries: 4KB 0, 2MB 0, 4MB 0, 1GB 0
[    0.519739] Spectre V1 : Mitigation: usercopy/swapgs barriers and __user pointer sanitization
[    0.524181] Spectre V2 : Mitigation: Enhanced IBRS
[    0.527661] Spectre V2 : Spectre v2 / SpectreRSB mitigation: Filling RSB on context switch
[    0.531859] Speculative Store Bypass: Vulnerable
[    0.557048] Freeing SMP alternatives memory: 36K
[    0.607219] ftrace: allocating 32380 entries in 127 pages
[    0.935810] smpboot: APIC(0) Converting physical 0 to logical package 0
[    0.942877] smpboot: Max logical packages: 1
[    0.953430] ..TIMER: vector=0x30 apic1=0 pin1=2 apic2=-1 pin2=-1
[    1.065906] smpboot: CPU0: 11th Gen Intel(R) Core(TM) i7-1165G7 @ 2.80GHz (family: 0x6, model: 0x8c, stepping: 0x1)
[    1.072503] Performance Events: unsupported p6 CPU model 140 no PMU driver, software events only.
[    1.125714] KVM setup paravirtual spinlock
[    1.130077] x86: Booting SMP configuration:
[    1.132600] .... node  #0, CPUs:      #1
[    1.135600] kvm-clock: cpu 1, msr 0:3ffe3041, secondary cpu clock
[    1.165456] mce: CPU supports 0 MCE banks
[    1.169535] TSC synchronization [CPU#0 -> CPU#1]:
[    1.172413] Measured 62937 cycles TSC warp between CPUs, turning off TSC clock.
[    1.176401] tsc: Marking TSC unstable due to check_tsc_sync_source failed
[    0.428127] x86: Booted up 1 node, 2 CPUs
[    0.430399] smpboot: Total of 2 processors activated (11213.73 BogoMIPS)
[    0.436053] devtmpfs: initialized
[    0.439255] evm: security.selinux
[    0.440006] evm: security.SMACK64
[    0.444003] evm: security.SMACK64EXEC
[    0.446709] evm: security.SMACK64TRANSMUTE
[    0.448002] evm: security.SMACK64MMAP
[    0.452002] evm: security.ima
[    0.453825] evm: security.capability
[    0.456212] clocksource: jiffies: mask: 0xffffffff max_cycles: 0xffffffff, max_idle_ns: 7645041785100000 ns
[    0.460015] futex hash table entries: 512 (order: 3, 32768 bytes)
[    0.464209] pinctrl core: initialized pinctrl subsystem
[    0.468248] RTC time: 12:39:23, date: 03/13/23
[    0.472920] NET: Registered protocol family 16
[    0.488012] cpuidle: using governor ladder
[    0.500005] cpuidle: using governor menu
[    0.502659] PCCT header not found.
[    0.504173] ACPI: bus type PCI registered
[    0.506185] acpiphp: ACPI Hot Plug PCI Controller Driver version: 0.5
[    0.508267] PCI: Using configuration type 1 for base access
[    0.528150] ACPI: Added _OSI(Module Device)
[    0.530254] ACPI: Added _OSI(Processor Device)
[    0.532001] ACPI: Added _OSI(3.0 _SCP Extensions)
[    0.534282] ACPI: Added _OSI(Processor Aggregator Device)
[    0.536754] ACPI: Executed 1 blocks of module-level executable AML code
[    0.544763] ACPI: Interpreter enabled
[    0.546601] ACPI: (supports S0 S5)
[    0.548001] ACPI: Using IOAPIC for interrupt routing
[    0.550615] PCI: Using host bridge windows from ACPI; if necessary, use "pci=nocrs" and report a bug
[    0.560109] ACPI: PCI Root Bridge [PCI0] (domain 0000 [bus 00-ff])
[    0.563075] acpi PNP0A03:00: _OSC: OS supports [ASPM ClockPM Segments MSI]
[    0.564379] acpi PNP0A03:00: _OSC: not requesting OS control; OS requires [ExtendedConfig ASPM ClockPM MSI]
[    0.568006] acpi PNP0A03:00: fail to add MMCONFIG information, can't access extended PCI configuration space under this bridge.
[    0.572382] PCI host bridge to bus 0000:00
[    0.574404] pci_bus 0000:00: root bus resource [io  0x0000-0x0cf7 window]
[    0.576002] pci_bus 0000:00: root bus resource [io  0x0d00-0xffff window]
[    0.580002] pci_bus 0000:00: root bus resource [mem 0x000a0000-0x000bffff window]
[    0.584002] pci_bus 0000:00: root bus resource [mem 0x40000000-0xfdffffff window]
[    0.588002] pci_bus 0000:00: root bus resource [bus 00-ff]
[    0.597040] pci 0000:00:01.1: legacy IDE quirk: reg 0x10: [io  0x01f0-0x01f7]
[    0.600009] pci 0000:00:01.1: legacy IDE quirk: reg 0x14: [io  0x03f6]
[    0.604001] pci 0000:00:01.1: legacy IDE quirk: reg 0x18: [io  0x0170-0x0177]
[    0.608004] pci 0000:00:01.1: legacy IDE quirk: reg 0x1c: [io  0x0376]
[    0.624002] pci 0000:00:07.0: quirk: [io  0x4000-0x403f] claimed by PIIX4 ACPI
[    0.627581] pci 0000:00:07.0: quirk: [io  0x4100-0x410f] claimed by PIIX4 SMB
[    0.635159] ACPI: PCI Interrupt Link [LNKA] (IRQs 5 9 10 *11)
[    0.637953] ACPI: PCI Interrupt Link [LNKB] (IRQs 5 9 *10 11)
[    0.644106] ACPI: PCI Interrupt Link [LNKC] (IRQs 5 *9 10 11)
[    0.649928] ACPI: PCI Interrupt Link [LNKD] (IRQs 5 9 10 *11)
[    0.656120] ACPI: Enabled 2 GPEs in block 00 to 07
[    0.659029] vgaarb: setting as boot device: PCI:0000:00:02.0
[    0.659029] vgaarb: device added: PCI:0000:00:02.0,decodes=io+mem,owns=io+mem,locks=none
[    0.660002] vgaarb: loaded
[    0.661423] vgaarb: bridge control possible 0000:00:02.0
[    0.664218] SCSI subsystem initialized
[    0.668120] ACPI: bus type USB registered
[    0.670143] usbcore: registered new interface driver usbfs
[    0.672016] usbcore: registered new interface driver hub
[    0.676007] usbcore: registered new device driver usb
[    0.680324] PCI: Using ACPI for IRQ routing
[    0.684541] NetLabel: Initializing
[    0.686568] NetLabel:  domain hash size = 128
[    0.688003] NetLabel:  protocols = UNLABELED CIPSOv4
[    0.692016] NetLabel:  unlabeled traffic allowed by default
[    0.696114] amd_nb: Cannot enumerate AMD northbridges
[    0.700345] clocksource: Switched to clocksource kvm-clock
[    0.716087] AppArmor: AppArmor Filesystem Enabled
[    0.716087] pnp: PnP ACPI init
[    0.716087] pnp: PnP ACPI: found 3 devices
[    0.754774] clocksource: acpi_pm: mask: 0xffffff max_cycles: 0xffffff, max_idle_ns: 2085701024 ns
[    0.756302] NET: Registered protocol family 2
[    0.762324] TCP established hash table entries: 8192 (order: 4, 65536 bytes)
[    0.766160] TCP bind hash table entries: 8192 (order: 5, 131072 bytes)
[    0.769660] TCP: Hash tables configured (established 8192 bind 8192)
[    0.773079] UDP hash table entries: 512 (order: 2, 16384 bytes)
[    0.773411] UDP-Lite hash table entries: 512 (order: 2, 16384 bytes)
[    0.773411] NET: Registered protocol family 1
[    0.773411] pci 0000:00:00.0: Limiting direct PCI/PCI transfers
[    0.773411] pci 0000:00:01.0: Activating ISA DMA hang workarounds
[    0.773411] Unpacking initramfs...
[    0.773411] Freeing initrd memory: 14888K
[    0.773411] clocksource: tsc: mask: 0xffffffffffffffff max_cycles: 0x2868ece0fff, max_idle_ns: 440795281157 ns
[    0.773411] platform rtc_cmos: registered platform RTC device (no PNP device found)
[    0.773411] Scanning for low memory corruption every 60 seconds
[    1.006146] audit: initializing netlink subsys (disabled)
[    1.008943] audit: type=2000 audit(1678711167.470:1): initialized
[    1.012386] Initialise system trusted keyring
[    1.015371] HugeTLB registered 2 MB page size, pre-allocated 0 pages
[    1.019567] zbud: loaded
[    1.021607] VFS: Disk quotas dquot_6.6.0
[    1.023679] VFS: Dquot-cache hash table entries: 512 (order 0, 4096 bytes)
[    1.027554] squashfs: version 4.0 (2009/01/31) Phillip Lougher
[    1.031234] fuse init (API version 7.23)
[    1.033870] Key type big_key registered
[    1.035825] Allocating IMA MOK and blacklist keyrings.
[    1.047463] Key type asymmetric registered
[    1.049709] Asymmetric key parser 'x509' registered
[    1.052107] Block layer SCSI generic (bsg) driver version 0.4 loaded (major 249)
[    1.056214] io scheduler noop registered
[    1.058144] io scheduler deadline registered (default)
[    1.060891] io scheduler cfq registered
[    1.062892] pci_hotplug: PCI Hot Plug PCI Core version: 0.5
[    1.065802] pciehp: PCI Express Hot Plug Controller Driver version: 0.4
[    1.069138] ACPI: AC Adapter [AC] (on-line)
[    1.071252] input: Power Button as /devices/LNXSYSTM:00/LNXPWRBN:00/input/input0
[    1.075535] ACPI: Power Button [PWRF]
[    1.077479] input: Sleep Button as /devices/LNXSYSTM:00/LNXSLPBN:00/input/input1
[    1.081162] ACPI: Sleep Button [SLPF]
[    1.083601] GHES: HEST is not enabled!
[    1.084873] ACPI: Battery Slot [BAT0] (battery present)
[    1.089197] Serial: 8250/16550 driver, 32 ports, IRQ sharing enabled
[    1.115968] 00:02: ttyS0 at I/O 0x3f8 (irq = 4, base_baud = 115200) is a 16550A
[    1.133296] Linux agpgart interface v0.103
[    1.144776] loop: module loaded
[    1.148738] scsi host0: ata_piix
[    1.151231] scsi host1: ata_piix
[    1.153056] ata1: PATA max UDMA/33 cmd 0x1f0 ctl 0x3f6 bmdma 0xd000 irq 14
[    1.156242] ata2: PATA max UDMA/33 cmd 0x170 ctl 0x376 bmdma 0xd008 irq 15
[    1.160143] libphy: Fixed MDIO Bus: probed
[    1.162296] tun: Universal TUN/TAP device driver, 1.6
[    1.165151] tun: (C) 1999-2004 Max Krasnyansky <maxk@qualcomm.com>
[    1.168812] PPP generic driver version 2.4.2
[    1.171429] ehci_hcd: USB 2.0 'Enhanced' Host Controller (EHCI) Driver
[    1.174783] ehci-pci: EHCI PCI platform driver
[    1.177346] ehci-platform: EHCI generic platform driver
[    1.180063] ohci_hcd: USB 1.1 'Open' Host Controller (OHCI) Driver
[    1.183047] ohci-pci: OHCI PCI platform driver
[    1.185328] ohci-platform: OHCI generic platform driver
[    1.187810] uhci_hcd: USB Universal Host Controller Interface driver
[    1.189299] i8042: PNP: PS/2 Controller [PNP0303:PS2K,PNP0f03:PS2M] at 0x60,0x64 irq 1,12
[    1.197048] serio: i8042 KBD port at 0x60,0x64 irq 1
[    1.199407] serio: i8042 AUX port at 0x60,0x64 irq 12
[    1.202666] mousedev: PS/2 mouse device common for all mice
[    1.208456] rtc_cmos rtc_cmos: rtc core: registered rtc_cmos as rtc0
[    1.212163] rtc_cmos rtc_cmos: alarms up to one day, 114 bytes nvram
[    1.215331] input: AT Translated Set 2 keyboard as /devices/platform/i8042/serio0/input/input2
[    1.219565] i2c /dev entries driver
[    1.221641] device-mapper: uevent: version 1.0.3
[    1.224663] device-mapper: ioctl: 4.34.0-ioctl (2015-10-28) initialised: dm-devel@redhat.com
[    1.228997] ledtrig-cpu: registered to indicate activity on CPUs
[    1.233996] NET: Registered protocol family 10
[    1.236869] NET: Registered protocol family 17
[    1.239150] Key type dns_resolver registered
[    1.242846] registered taskstats version 1
[    1.245021] Loading compiled-in X.509 certificates
[    1.247868] Loaded X.509 cert 'Build time autogenerated kernel key: cf00e047681d67edb2720680708b7d9498083038'
[    1.252764] zswap: loaded using pool lzo/zbud
[    1.258438] Key type trusted registered
[    1.266236] Key type encrypted registered
[    1.268236] AppArmor: AppArmor sha1 policy hashing enabled
[    1.271080] ima: No TPM chip found, activating TPM-bypass!
[    1.273956] ima: Allocated hash algorithm: sha1
[    1.276210] evm: HMAC attrs: 0x1
[    1.278807]   Magic number: 15:362:683
[    1.281244] rtc_cmos rtc_cmos: setting system clock to 2023-03-13 12:39:24 UTC (1678711164)
[    1.285575] BIOS EDD facility v0.16 2004-Jun-25, 0 devices found
[    1.288558] EDD information not available.
[    1.367990] Freeing unused kernel memory: 1492K
[    1.371370] Write protecting the kernel read-only data: 14336k
[    1.374838] Freeing unused kernel memory: 1584K
[    1.377617] Freeing unused kernel memory: 52K
Loading, please wait...
starting version 229
[    1.400119] random: systemd-udevd: uninitialized urandom read (16 bytes read, 7 bits of entropy available)
[    1.400862] random: udevadm: uninitialized urandom read (16 bytes read, 7 bits of entropy available)
[    1.400890] random: udevadm: uninitialized urandom read (16 bytes read, 7 bits of entropy available)
[    1.407772] random: udevadm: uninitialized urandom read (16 bytes read, 7 bits of entropy available)
[    1.407811] random: udevadm: uninitialized urandom read (16 bytes read, 7 bits of entropy available)
[    1.407921] random: udevadm: uninitialized urandom read (16 bytes read, 7 bits of entropy available)
[    1.407976] random: udevadm: uninitialized urandom read (16 bytes read, 7 bits of entropy available)
[    1.408041] random: udevadm: uninitialized urandom read (16 bytes read, 7 bits of entropy available)
[    1.408083] random: udevadm: uninitialized urandom read (16 bytes read, 7 bits of entropy available)
[    1.408123] random: udevadm: uninitialized urandom read (16 bytes read, 7 bits of entropy available)
[    1.503314] e1000: Intel(R) PRO/1000 Network Driver - version 7.3.21-k8-NAPI
[    1.507656] e1000: Copyright (c) 1999-2006 Intel Corporation.
[    1.516102] Fusion MPT base driver 3.04.20
[    1.518776] Copyright (c) 1999-2008 LSI Corporation
[    1.534720] Fusion MPT SPI Host driver 3.04.20
[    1.559274] SSE version of gcm_enc/dec engaged.
[    1.748457] input: ImExPS/2 Generic Explorer Mouse as /devices/platform/i8042/serio1/input/input4
[    2.036664] e1000 0000:00:03.0 eth0: (PCI:33MHz:32-bit) 02:be:82:6b:cc:1d
[    2.040820] e1000 0000:00:03.0 eth0: Intel(R) PRO/1000 Network Connection
[    2.046056] mptbase: ioc0: Initiating bringup
[    2.049099] e1000 0000:00:03.0 enp0s3: renamed from eth0
[    2.140054] ioc0: LSI53C1030 A0: Capabilities={Initiator}
[    2.676993] scsi host2: ioc0: LSI53C1030 A0, FwRev=00000000h, Ports=1, MaxQ=256, IRQ=20
[    3.138745] scsi 2:0:0:0: Direct-Access     VBOX     HARDDISK         1.0  PQ: 0 ANSI: 5
[    3.145854] scsi target2:0:0: Beginning Domain Validation
[    3.154113] scsi target2:0:0: Domain Validation skipping write tests
[    3.157497] scsi target2:0:0: Ending Domain Validation
[    3.160768] scsi target2:0:0: asynchronous
[    3.164805] scsi 2:0:1:0: Direct-Access     VBOX     HARDDISK         1.0  PQ: 0 ANSI: 5
[    3.169001] scsi target2:0:1: Beginning Domain Validation
[    3.176648] scsi target2:0:1: Domain Validation skipping write tests
[    3.180001] scsi target2:0:1: Ending Domain Validation
[    3.183326] scsi target2:0:1: asynchronous
[    3.205679] sd 2:0:0:0: [sda] 83886080 512-byte logical blocks: (42.9 GB/40.0 GiB)
[    3.205766] sd 2:0:0:0: Attached scsi generic sg0 type 0
[    3.205935] sd 2:0:1:0: Attached scsi generic sg1 type 0
[    3.206987] sd 2:0:1:0: [sdb] 20480 512-byte logical blocks: (10.5 MB/10.0 MiB)
[    3.207554] sd 2:0:1:0: [sdb] Write Protect is off
[    3.207932] sd 2:0:1:0: [sdb] Incomplete mode parameter data
[    3.207933] sd 2:0:1:0: [sdb] Assuming drive cache: write through
[    3.213846] sd 2:0:1:0: [sdb] Attached SCSI disk
[    3.236394] sd 2:0:0:0: [sda] Write Protect is off
[    3.239643] sd 2:0:0:0: [sda] Incomplete mode parameter data
[    3.242588] sd 2:0:0:0: [sda] Assuming drive cache: write through
[    3.251302]  sda: sda1
[    3.256883] sd 2:0:0:0: [sda] Attached SCSI disk
Begin: Loading essential drivers ... [    4.684815] md: linear personality registered for level -1
[    4.694252] md: multipath personality registered for level -4
[    4.700859] md: raid0 personality registered for level 0
[    4.712750] md: raid1 personality registered for level 1
[    5.134299] raid6: sse2x1   gen() 107918 MB/s
[    7.134192] raid6: sse2x1   xor() 191912 MB/s
[    8.134775] raid6: sse2x2   gen() 387260 MB/s
[    9.135396] raid6: sse2x2   xor() 261987 MB/s
[   10.196434] raid6: sse2x4   gen() 24438 MB/s
[   10.281183] raid6: sse2x4   xor() 18801 MB/s
[   10.284547] raid6: using algorithm sse2x2 gen() 387260 MB/s
[   10.287551] raid6: .... xor() 261987 MB/s, rmw enabled
[   10.290477] raid6: using ssse3x2 recovery algorithm
[   10.295060] xor: measuring software checksum speed
[   10.336056]    prefetch64-sse: 25926.000 MB/sec
[   10.376553]    generic_sse: 25155.000 MB/sec
[   10.379393] xor: using function: prefetch64-sse (25926.000 MB/sec)
[   10.384709] async_tx: api initialized (async)
[   10.412231] md: raid6 personality registered for level 6
[   10.416346] md: raid5 personality registered for level 5
[   10.419559] md: raid4 personality registered for level 4
[   10.434817] md: raid10 personality registered for level 10
done.
Begin: Running /scripts/init-premount ... done.
Begin: Mounting root file system ... Begin: Running /scripts/local-top ... done.
Begin: Running /scripts/local-premount ... [   10.487091] Btrfs loaded
Scanning for Btrfs filesystems
done.
Warning: fsck not present, so skipping root file system
[   10.531017] EXT4-fs (sda1): mounted filesystem with ordered data mode. Opts: (null)
done.
Begin: Running /scripts/local-bottom ... done.
Begin: Running /scripts/init-bottom ... done.
[   10.649360] systemd[1]: systemd 229 running in system mode. (+PAM +AUDIT +SELINUX +IMA +APPARMOR +SMACK +SYSVINIT +UTMP +LIBCRYPTSETUP +GCRYPT +GNUTLS +ACL +XZ -LZ4 +SECCOMP +BLKID +ELFUTILS +KMOD -IDN)
[   10.659455] systemd[1]: Detected virtualization oracle.
[   10.662894] systemd[1]: Detected architecture x86-64.

Welcome to [1mUbuntu 16.04.7 LTS[0m!

[   10.672421] systemd[1]: Set hostname to <ubuntu>.
[   10.679052] systemd[1]: Initializing machine ID from random generator.
[   10.683020] systemd[1]: Installed transient /etc/machine-id file.
[   10.823898] systemd[1]: Listening on Device-mapper event daemon FIFOs.
[[0;32m  OK  [0m] Listening on Device-mapper event daemon FIFOs.
[   10.831696] systemd[1]: Listening on LVM2 poll daemon socket.
[[0;32m  OK  [0m] Listening on LVM2 poll daemon socket.
[   10.838364] systemd[1]: Started Trigger resolvconf update for networkd DNS.
[[0;32m  OK  [0m] Started Trigger resolvconf update for networkd DNS.
[   10.845523] systemd[1]: Reached target User and Group Name Lookups.
[[0;32m  OK  [0m] Reached target User and Group Name Lookups.
[   10.852413] systemd[1]: Started Forward Password Requests to Wall Directory Watch.
[[0;32m  OK  [0m] Started Forward Password Requests to Wall Directory Watch.
[   10.859860] systemd[1]: Reached target Encrypted Volumes.
[[0;32m  OK  [0m] Reached target Encrypted Volumes.
[   10.865961] systemd[1]: Listening on Journal Socket.
[[0;32m  OK  [0m] Listening on Journal Socket.
[   10.871763] systemd[1]: Listening on udev Kernel Socket.
[[0;32m  OK  [0m] Listening on udev Kernel Socket.
[   10.878026] systemd[1]: Set up automount Arbitrary Executable File Formats File System Automount Point.
[[0;32m  OK  [0m] Set up automount Arbitrary Executab...ats File System Automount Point.
[   10.886621] systemd[1]: Listening on /dev/initctl Compatibility Named Pipe.
[[0;32m  OK  [0m] Listening on /dev/initctl Compatibility Named Pipe.
[   10.893663] systemd[1]: Listening on udev Control Socket.
[[0;32m  OK  [0m] Listening on udev Control Socket.
[   10.899717] systemd[1]: Listening on Syslog Socket.
[[0;32m  OK  [0m] Listening on Syslog Socket.
[   10.905829] systemd[1]: Created slice User and Session Slice.
[[0;32m  OK  [0m] Created slice User and Session Slice.
[   10.912703] systemd[1]: Listening on fsck to fsckd communication Socket.
[[0;32m  OK  [0m] Listening on fsck to fsckd communication Socket.
[   10.919471] systemd[1]: Listening on Journal Audit Socket.
[[0;32m  OK  [0m] Listening on Journal Audit Socket.
[   10.925895] systemd[1]: Created slice System Slice.
[[0;32m  OK  [0m] Created slice System Slice.
[   10.941289] systemd[1]: Mounting POSIX Message Queue File System...
         Mounting POSIX Message Queue File System...
[   10.948610] systemd[1]: Reached target Slices.
[[0;32m  OK  [0m] Reached target Slices.
[   10.954510] systemd[1]: Starting Uncomplicated firewall...
         Starting Uncomplicated firewall...
[   10.961406] systemd[1]: Starting Create list of required static device nodes for the current kernel...
         Starting Create list of required st... nodes for the current kernel...
[   10.970852] systemd[1]: Mounting Huge Pages File System...
         Mounting Huge Pages File System...
[   10.977646] systemd[1]: Created slice system-serial\x2dgetty.slice.
[[0;32m  OK  [0m] Created slice system-serial\x2dgetty.slice.
[   10.984685] systemd[1]: Mounting Debug File System...
         Mounting Debug File System...
[   10.990462] systemd[1]: Starting Set console keymap...
         Starting Set console keymap...
[   10.997610] systemd[1]: Starting File System Check on Root Device...
         Starting File System Check on Root Device...
[   11.007668] systemd[1]: Starting Load Kernel Modules...
         Starting Load Kernel Modules...
[   11.019831] systemd[1]: Listening on Journal Socket (/dev/log).
[[0;32m  OK  [0m] Listening on Journal Socket (/dev/log).
[   11.027941] systemd[1]: Starting Journal Service...
         Starting Journal Service...[   11.036782] Loading iSCSI transport class v2.0-870.

[   11.039491] systemd[1]: Reached target System Time Synchronized.
[[0;32m  OK  [0m] Reached target System Time Synchronized.[   11.049147] random: nonblocking pool is initialized

[   11.058741] systemd[1]: Listening on LVM2 metadata daemon socket.
[[0;32m  OK  [0m] Listening on LVM2 metadata daemon socket.
[   11.073271] iscsi: registered transport (tcp)
[   11.084308] systemd[1]: Starting Monitoring of LVM2 mirrors, snapshots etc. using dmeventd or progress polling...
         Starting Monitoring of LVM2 mirrors... dmeventd or progress polling...
[   11.095750] systemd[1]: Starting Nameserver information manager...
         Starting Nameserver information manager...
[   11.104529] systemd[1]: Reached target Swap.
[[0;32m  OK  [0m] Reached target Swap.
[   11.117128] systemd[1]: Mounted Huge Pages File System.
[[0;32m  OK  [0m] Mounted Huge Pages File System.
[   11.126596] systemd[1]: Mounted POSIX Message Queue File System.
[[0;32m  OK  [0m] Mounted POSIX Message Queue File System.
[   11.137531] systemd[1]: Mounted Debug File System.
[[0;32m  OK  [0m] Mounted Debug File System.
[   11.146111] systemd[1]: Started Journal Service.
[[0;32m  OK  [0m] Started Journal Service.
[[0;32m  OK  [0m] Started Uncomplicated firewall.
[   11.159996] iscsi: registered transport (iser)
[[0;32m  OK  [0m] Started Create list of required sta...ce nodes for the current kernel.
[[0;32m  OK  [0m] Started Set console keymap.
[[0;32m  OK  [0m] Started File System Check on Root Device.
[[0;32m  OK  [0m] Started Load Kernel Modules.
[[0;32m  OK  [0m] Started LVM2 metadata daemon.
[[0;32m  OK  [0m] Started File System Check Daemon to report status.
         Starting Apply Kernel Variables...
         Mounting FUSE Control File System...
         Starting Remount Root and Kernel File Systems...
         Starting Create Static Device Nodes in /dev...
[[0;32m  OK  [0m] Mounted FUSE Control File System.
[[0;32m  OK  [0m] Started Nameserver information manager.
[[0;32m  OK  [0m] Started Apply Kernel Variables.
[[0;32m  OK  [0m] Started Remount Root and Kernel File Systems.
         Starting Flush Journal to Persistent Storage...
         Starting udev Coldplug all Devices...
         Starting Load/Save Random Seed...
[[0;32m  OK  [0m] Started Load/Save Random Seed.
[[0;32m  OK  [0m] Started Flush Journal to Persistent Storage.
[[0;32m  OK  [0m] Started Create Static Device Nodes in /dev.
         Starting udev Kernel Device Manager...
[[0;32m  OK  [0m] Started udev Coldplug all Devices.
[[0;32m  OK  [0m] Started udev Kernel Device Manager.
[[0;32m  OK  [0m] Started Dispatch Password Requests to Console Directory Watch.
[[0;32m  OK  [0m] Found device /dev/ttyS0.
[[0;32m  OK  [0m] Listening on Load/Save RF Kill Switch Status /dev/rfkill Watch.
[[0;32m  OK  [0m] Started Monitoring of LVM2 mirrors,...ng dmeventd or progress polling.
[[0;32m  OK  [0m] Reached target Local File Systems (Pre).
[[0;32m  OK  [0m] Reached target Local File Systems.
         Starting LSB: AppArmor initialization...
         Starting Initial cloud-init job (pre-networking)...
         Starting Commit a transient machine-id on disk...
         Starting Tell Plymouth To Write Out Runtime Data...
         Starting Create Volatile Files and Directories...
         Starting Set console font and keymap...
[[0;32m  OK  [0m] Started Commit a transient machine-id on disk.
[[0;32m  OK  [0m] Started Tell Plymouth To Write Out Runtime Data.
[[0;32m  OK  [0m] Started Create Volatile Files and Directories.
         Starting Update UTMP about System Boot/Shutdown...
[[0;32m  OK  [0m] Started Update UTMP about System Boot/Shutdown.
[[0;32m  OK  [0m] Started LSB: AppArmor initialization.
         Starting Load AppArmor profiles managed internally by snapd...
[[0;32m  OK  [0m] Started Set console font and keymap.
[[0;32m  OK  [0m] Created slice system-getty.slice.
[[0;32m  OK  [0m] Started Load AppArmor profiles managed internally by snapd.
[   13.017876] cloud-init[604]: Cloud-init v. 21.1-19-gbad84ad4-0ubuntu1~16.04.2 running 'init-local' at Mon, 13 Mar 2023 12:39:36 +0000. Up 12.80 seconds.
[[0;32m  OK  [0m] Started Initial cloud-init job (pre-networking).
[[0;32m  OK  [0m] Reached target Network (Pre).
         Starting Raise network interfaces...
[[0;32m  OK  [0m] Started Raise network interfaces.
[[0;32m  OK  [0m] Reached target Network.
         Starting Initial cloud-init job (metadata service crawler)...
[   13.827650] cloud-init[948]: Cloud-init v. 21.1-19-gbad84ad4-0ubuntu1~16.04.2 running 'init' at Mon, 13 Mar 2023 12:39:36 +0000. Up 13.42 seconds.
[   13.831376] cloud-init[948]: ci-info: ++++++++++++++++++++++++++++++++++++++Net device info++++++++++++++++++++++++++++++++++++++
[   13.834823] cloud-init[948]: ci-info: +--------+------+----------------------------+---------------+--------+-------------------+
[   13.838424] cloud-init[948]: ci-info: | Device |  Up  |          Address           |      Mask     | Scope  |     Hw-Address    |
[   13.841940] cloud-init[948]: ci-info: +--------+------+----------------------------+---------------+--------+-------------------+
[   13.845397] cloud-init[948]: ci-info: | enp0s3 | True |         10.0.2.15          | 255.255.255.0 | global | 02:be:82:6b:cc:1d |
[   13.848871] cloud-init[948]: ci-info: | enp0s3 | True | fe80::be:82ff:fe6b:cc1d/64 |       .       |  link  | 02:be:82:6b:cc:1d |
[   13.852226] cloud-init[948]: ci-info: |   lo   | True |         127.0.0.1          |   255.0.0.0   |  host  |         .         |
[   13.855706] cloud-init[948]: ci-info: |   lo   | True |          ::1/128           |       .       |  host  |         .         |
[   13.859304] cloud-init[948]: ci-info: +--------+------+----------------------------+---------------+--------+-------------------+
[   13.862684] cloud-init[948]: ci-info: +++++++++++++++++++++++++++Route IPv4 info++++++++++++++++++++++++++++
[   13.865819] cloud-init[948]: ci-info: +-------+-------------+----------+---------------+-----------+-------+
[   13.869000] cloud-init[948]: ci-info: | Route | Destination | Gateway  |    Genmask    | Interface | Flags |
[   13.872036] cloud-init[948]: ci-info: +-------+-------------+----------+---------------+-----------+-------+
[   13.875132] cloud-init[948]: ci-info: |   0   |   0.0.0.0   | 10.0.2.2 |    0.0.0.0    |   enp0s3  |   UG  |
[   13.878408] cloud-init[948]: ci-info: |   1   |   10.0.2.0  | 0.0.0.0  | 255.255.255.0 |   enp0s3  |   U   |
[   13.881542] cloud-init[948]: ci-info: +-------+-------------+----------+---------------+-----------+-------+
[   13.884674] cloud-init[948]: ci-info: +++++++++++++++++++Route IPv6 info+++++++++++++++++++
[   13.887395] cloud-init[948]: ci-info: +-------+-------------+---------+-----------+-------+
[   13.890111] cloud-init[948]: ci-info: | Route | Destination | Gateway | Interface | Flags |
[   13.892883] cloud-init[948]: ci-info: +-------+-------------+---------+-----------+-------+
[   13.895606] cloud-init[948]: ci-info: |   0   |  fe80::/64  |    ::   |   enp0s3  |   U   |
[   13.898499] cloud-init[948]: ci-info: |   3   |   ff00::/8  |    ::   |   enp0s3  |   U   |
[   13.901284] cloud-init[948]: ci-info: +-------+-------------+---------+-----------+-------+
[   13.904032] cloud-init[948]: Generating public/private rsa key pair.
[   13.906452] cloud-init[948]: Your identification has been saved in /etc/ssh/ssh_host_rsa_key.
[   13.909414] cloud-init[948]: Your public key has been saved in /etc/ssh/ssh_host_rsa_key.pub.
[   13.912342] cloud-init[948]: The key fingerprint is:
[   13.914374] cloud-init[948]: SHA256:VHeJ1JptEyz5UukGzJLVSTGvL3MbKFG+UKTQZB43Zvw root@ubuntu-xenial
[   13.917432] cloud-init[948]: The key's randomart image is:
[   13.919689] cloud-init[948]: +---[RSA 2048]----+
[   13.921891] cloud-init[948]: |         .+X=&== |
[   13.922589] cloud-init[948]: |         .*o#o@o |
[   13.922868] cloud-init[948]: |        .  + %...|
[   13.923114] cloud-init[948]: |       .    B BE |
[   13.923376] cloud-init[948]: |        S  o =.. |
[   13.923621] cloud-init[948]: |            o o. |
[   13.923872] cloud-init[948]: |           . oo.o|
[   13.924433] cloud-init[948]: |            .  +o|
[   13.924680] cloud-init[948]: |               . |
[   13.924941] cloud-init[948]: +----[SHA256]-----+
[   13.925174] cloud-init[948]: Generating public/private dsa key pair.
[   13.925440] cloud-init[948]: Your identification has been saved in /etc/ssh/ssh_host_dsa_key.
[   13.925688] cloud-init[948]: Your public key has been saved in /etc/ssh/ssh_host_dsa_key.pub.
[   13.925936] cloud-init[948]: The key fingerprint is:
[   13.926184] cloud-init[948]: SHA256:ViQAyrgDXVhr68CmXtmIik7bnqUmT7r3aUcze7r16Ag root@ubuntu-xenial
[   13.926455] cloud-init[948]: The key's randomart image is:
[   13.926692] cloud-init[948]: +---[DSA 1024]----+
[   13.926943] cloud-init[948]: |   o+.... .      |
[   13.927191] cloud-init[948]: | +.o .   o       |
[   13.927451] cloud-init[948]: |o + o     .      |
[   13.927698] cloud-init[948]: |.o . .   .       |
[   13.927946] cloud-init[948]: |o + .   S        |
[   13.928487] cloud-init[948]: | +.o+  =         |
[   13.928734] cloud-init[948]: |.o =.E. +.       |
[   13.928982] cloud-init[948]: |=.*o+.ooo.o      |
[   13.929253] cloud-init[948]: |+*B*oo.+=o .     |
[   13.929486] cloud-init[948]: +----[SHA256]-----+
[   13.929733] cloud-init[948]: Generating public/private ecdsa key pair.
[   13.929982] cloud-init[948]: Your identification has been saved in /etc/ssh/ssh_host_ecdsa_key.
[   13.930249] cloud-init[948]: Your public key has been saved in /etc/ssh/ssh_host_ecdsa_key.pub.
[   13.930506] cloud-init[948]: The key fingerprint is:
[   13.930742] cloud-init[948]: SHA256:NL0sRtt3FIQYLYUM8GGHP0hQlCM+pQ2Q+Yng6vZ4F9U root@ubuntu-xenial
[   13.930991] cloud-init[948]: The key's randomart image is:
[   13.931249] cloud-init[948]: +---[ECDSA 256]---+
[   13.931501] cloud-init[948]: |    .+o=*=o*.oo  |
[   13.931747] cloud-init[948]: |  . o oo*+= o  . |
[   13.931999] cloud-init[948]: | . . + O*+..  .  |
[   13.932551] cloud-init[948]: |  . . *+oEo. .   |
[   13.933048] cloud-init[948]: | .    ..S +.. .  |
[   13.933307] cloud-init[948]: |.    . . . . .   |
[   13.933547] cloud-init[948]: |.     .          |
[   13.933794] cloud-init[948]: | o.. .           |
[   13.934048] cloud-init[948]: |..o..            |
[   13.934302] cloud-init[948]: +----[SHA256]-----+
[   13.934550] cloud-init[948]: Generating public/private ed25519 key pair.
[   13.934801] cloud-init[948]: Your identification has been saved in /etc/ssh/ssh_host_ed25519_key.
[   13.935065] cloud-init[948]: Your public key has been saved in /etc/ssh/ssh_host_ed25519_key.pub.
[   13.935314] cloud-init[948]: The key fingerprint is:
[   13.935562] cloud-init[948]: SHA256:J9JfXZO5MQMZ2g4KVbPvvhqMur5D3chQzFB7n+GisoU root@ubuntu-xenial
[   13.935822] cloud-init[948]: The key's randomart image is:
[   13.936278] cloud-init[948]: +--[ED25519 256]--+
[   13.936473] cloud-init[948]: |       .=o.o oo  |
[   13.936725] cloud-init[948]: |        .+. =.. o|
[   13.936972] cloud-init[948]: |       ... = o B.|
[   13.937226] cloud-init[948]: |       o. o *.o.*|
[   13.937471] cloud-init[948]: |      . S.+..*.. |
[   13.937718] cloud-init[948]: |       o.B+oo    |
[   13.937969] cloud-init[948]: |      .E +.o .   |
[   13.938220] cloud-init[948]: |       .=   o    |
[   13.938496] cloud-init[948]: |      .*+  ..o.  |
[   13.938719] cloud-init[948]: +----[SHA256]-----+
[[0;32m  OK  [0m] Started Initial cloud-init job (metadata service crawler).
[[0;32m  OK  [0m] Reached target System Initialization.
[[0;32m  OK  [0m] Listening on D-Bus System Message Bus Socket.
[[0;32m  OK  [0m] Started ACPI Events Check.
[[0;32m  OK  [0m] Reached target Paths.
[[0;32m  OK  [0m] Started Message of the Day.
[[0;32m  OK  [0m] Listening on ACPID Listen Socket.
[[0;32m  OK  [0m] Listening on UUID daemon activation socket.
[[0;32m  OK  [0m] Started Daily Cleanup of Temporary Directories.
         Starting Socket activation for snappy daemon.
         Starting LXD - unix socket.
[[0;32m  OK  [0m] Started Ubuntu Advantage update messaging.
[[0;32m  OK  [0m] Started Daily apt download activities.
[[0;32m  OK  [0m] Started Daily apt upgrade and clean activities.
[[0;32m  OK  [0m] Reached target Timers.
[[0;32m  OK  [0m] Reached target Cloud-config availability.
[[0;32m  OK  [0m] Reached target Network is Online.
         Starting iSCSI initiator daemon (iscsid)...
[[0;32m  OK  [0m] Listening on Socket activation for snappy daemon.
[[0;32m  OK  [0m] Listening on LXD - unix socket.
[[0;32m  OK  [0m] Reached target Sockets.
[[0;32m  OK  [0m] Reached target Basic System.
         Starting Accounts Service...
[[0;32m  OK  [0m] Started ACPI event daemon.
         Starting Login Service...
         Starting LXD - container startup/shutdown...
         Starting System Logging Service...
[[0;32m  OK  [0m] Started Regular background program processing daemon.
         Starting LSB: Record successful boot for GRUB...
         Starting /etc/rc.local Compatibility...
[[0;32m  OK  [0m] Started D-Bus System Message Bus.
         Starting Pollinate to seed the pseudo random number generator...
[[0;32m  OK  [0m] Started FUSE filesystem for LXC.
         Starting Snap Daemon...
[[0;32m  OK  [0m] Started Deferred execution scheduler.
         Starting Virtualbox guest utils...
         Starting LSB: MD monitoring daemon...
[[0;32m  OK  [0m] Started System Logging Service.
[[0;32m  OK  [0m] Started iSCSI initiator daemon (iscsid).
[[0;32m  OK  [0m] Started /etc/rc.local Compatibility.
[[0;32m  OK  [0m] Started Login Service.
[[0;32m  OK  [0m] Started Unattended Upgrades Shutdown.
         Starting Authenticate and Authorize Users to Run Privileged Tasks...
         Starting Login to default iSCSI targets...
[[0;32m  OK  [0m] Started LSB: Record successful boot for GRUB.
[[0;32m  OK  [0m] Started Authenticate and Authorize Users to Run Privileged Tasks.
[[0;32m  OK  [0m] Started Login to default iSCSI targets.
[[0;32m  OK  [0m] Started LSB: MD monitoring daemon.
[[0;32m  OK  [0m] Reached target Remote File Systems (Pre).
[[0;32m  OK  [0m] Reached target Remote File Systems.
         Starting LSB: Set the CPU Frequency Scaling governor to "ondemand"...
         Starting LSB: daemon to balance interrupts for SMP systems...
         Starting Permit User Sessions...
         Starting LSB: automatic crash report generation...
[[0;32m  OK  [0m] Started Permit User Sessions.
[[0;32m  OK  [0m] Started Accounts Service.
         Starting Hold until boot process finishes up...
         Starting Terminate Plymouth Boot Screen...
[[0;32m  OK  [0m] Started Hold until boot process finishes up.
         Starting Set console scheme...
[[0;32m  OK  [0m] Started Serial Getty on ttyS0.
[[0;32m  OK  [0m] Started Getty on tty1.
[[0;32m  OK  [0m] Reached target Login Prompts.
[[0;32m  OK  [0m] Started Terminate Plymouth Boot Screen.
[[0;32m  OK  [0m] Started Set console scheme.
[[0;32m  OK  [0m] Started LSB: Set the CPU Frequency Scaling governor to "ondemand".
[[0;32m  OK  [0m] Started LXD - container startup/shutdown.
[[0;32m  OK  [0m] Started LSB: automatic crash report generation.
[[0;32m  OK  [0m] Started LSB: daemon to balance interrupts for SMP systems.
[[0;32m  OK  [0m] Started Virtualbox guest utils.
[[0;32m  OK  [0m] Started Snap Daemon.
         Starting Wait until snapd is fully seeded...
[[0;32m  OK  [0m] Started Pollinate to seed the pseudo random number generator.
         Starting OpenBSD Secure Shell server...
[[0;32m  OK  [0m] Started OpenBSD Secure Shell server.
[[0;32m  OK  [0m] Started Wait until snapd is fully seeded.
         Starting Apply the settings specified in cloud-config...
[[0;32m  OK  [0m] Reached target Multi-User System.
[[0;32m  OK  [0m] Reached target Graphical Interface.
         Starting Update UTMP about System Runlevel Changes...
[[0;32m  OK  [0m] Started Update UTMP about System Runlevel Changes.
[   15.501701] cloud-init[1288]: Generating locales (this might take a while)...
[   16.076937] cloud-init[1288]:   en_US.UTF-8... done
[   16.079157] cloud-init[1288]: Generation complete.
[   16.314369] cloud-init[1288]: Cloud-init v. 21.1-19-gbad84ad4-0ubuntu1~16.04.2 running 'modules:config' at Mon, 13 Mar 2023 12:39:38 +0000. Up 15.43 seconds.
[[0;32m  OK  [0m] Started Apply the settings specified in cloud-config.
         Starting Execute cloud user/final scripts...
ci-info: no authorized SSH keys fingerprints found for user ubuntu.
<14>Mar 13 12:39:39 ec2: 
<14>Mar 13 12:39:39 ec2: #############################################################
<14>Mar 13 12:39:39 ec2: -----BEGIN SSH HOST KEY FINGERPRINTS-----
<14>Mar 13 12:39:39 ec2: 1024 SHA256:ViQAyrgDXVhr68CmXtmIik7bnqUmT7r3aUcze7r16Ag root@ubuntu-xenial (DSA)
<14>Mar 13 12:39:39 ec2: 256 SHA256:NL0sRtt3FIQYLYUM8GGHP0hQlCM+pQ2Q+Yng6vZ4F9U root@ubuntu-xenial (ECDSA)
<14>Mar 13 12:39:39 ec2: 256 SHA256:J9JfXZO5MQMZ2g4KVbPvvhqMur5D3chQzFB7n+GisoU root@ubuntu-xenial (ED25519)
<14>Mar 13 12:39:39 ec2: 2048 SHA256:VHeJ1JptEyz5UukGzJLVSTGvL3MbKFG+UKTQZB43Zvw root@ubuntu-xenial (RSA)
<14>Mar 13 12:39:39 ec2: -----END SSH HOST KEY FINGERPRINTS-----
<14>Mar 13 12:39:39 ec2: #############################################################
-----BEGIN SSH HOST KEY KEYS-----
ecdsa-sha2-nistp256 AAAAE2VjZHNhLXNoYTItbmlzdHAyNTYAAAAIbmlzdHAyNTYAAABBBIWRSJgarzzze34ErpPRr+X/0x/dd8oSzGY1ScXPqkx3yNguYg9woR7bhPb76EEux+zLNgKeSgRlDieABAWRITo= root@ubuntu-xenial
ssh-ed25519 AAAAC3NzaC1lZDI1NTE5AAAAIINR4dDv1LPLFrJnjiffqHEapFOxs97HB1tDUE6wow2y root@ubuntu-xenial
ssh-rsa AAAAB3NzaC1yc2EAAAADAQABAAABAQDG8pn6+ZKVaYFjFZ93nJOZ6HAWxjcYNhziWbS/VNAZK6z3OqIuXO0foZr+lbMFLfbLOyGfxe7f7tgGxwY0NvHY1PooRN8Jivm56V00TtgUmFFvtxTJQGn2t1sGdarJC+45x8nKSxJ2JyCBpSK/2jhkbtQDFsevGQ6H7YsMzqi3O9rQywE93s5ycRWi7ukUo8pbwFprKdbm3JZ1ycv+qEt1c7WgqqT2zK3Gw3bPNkFku9P3iDU9SeuCRyOIr9d1P/0Gd8zZNBtT8IrM/Ws1sUDKZhS44sXdrATyW8IdyI+NIz26ZPUd0q3P8IypFvjo7jTtUvQhmfcylIhk5/EV7g2x root@ubuntu-xenial
-----END SSH HOST KEY KEYS-----
[   16.644706] cloud-init[1333]: Cloud-init v. 21.1-19-gbad84ad4-0ubuntu1~16.04.2 running 'modules:final' at Mon, 13 Mar 2023 12:39:39 +0000. Up 16.52 seconds.
[   16.649694] cloud-init[1333]: ci-info: no authorized SSH keys fingerprints found for user ubuntu.
[   16.661804] cloud-init[1333]: Cloud-init v. 21.1-19-gbad84ad4-0ubuntu1~16.04.2 finished at Mon, 13 Mar 2023 12:39:39 +0000. Datasource DataSourceNoCloud [seed=/dev/sdb][dsmode=net].  Up 16.64 seconds
[[0;32m  OK  [0m] Started Execute cloud user/final scripts.
[[0;32m  OK  [0m] Reached target Cloud-init target.

Ubuntu 16.04.7 LTS ubuntu-xenial ttyS0

ubuntu-xenial login: 