[    0.000000] Initializing cgroup subsys cpuset
[    0.000000] Initializing cgroup subsys cpu
[    0.000000] Initializing cgroup subsys cpuacct
[    0.000000] Linux version 4.4.0-210-generic (buildd@lgw01-amd64-009) (gcc version 5.4.0 20160609 (Ubuntu 5.4.0-6ubuntu1~16.04.12) ) #242-Ubuntu SMP Fri Apr 16 09:57:56 UTC 2021 (Ubuntu 4.4.0-210.242-generic 4.4.262)
[    0.000000] Command line: BOOT_IMAGE=/boot/vmlinuz-4.4.0-210-generic root=LABEL=cloudimg-rootfs ro console=tty1 console=ttyS0
[    0.000000] KERNEL supported cpus:
[    0.000000]   Intel GenuineIntel
[    0.000000]   AMD AuthenticAMD
[    0.000000]   Centaur CentaurHauls
[    0.000000] x86/fpu: Legacy x87 FPU detected.
[    0.000000] e820: BIOS-provided physical RAM map:
[    0.000000] BIOS-e820: [mem 0x0000000000000000-0x000000000009fbff] usable
[    0.000000] BIOS-e820: [mem 0x000000000009fc00-0x000000000009ffff] reserved
[    0.000000] BIOS-e820: [mem 0x00000000000f0000-0x00000000000fffff] reserved
[    0.000000] BIOS-e820: [mem 0x0000000000100000-0x000000003ffeffff] usable
[    0.000000] BIOS-e820: [mem 0x000000003fff0000-0x000000003fffffff] ACPI data
[    0.000000] BIOS-e820: [mem 0x00000000fec00000-0x00000000fec00fff] reserved
[    0.000000] BIOS-e820: [mem 0x00000000fee00000-0x00000000fee00fff] reserved
[    0.000000] BIOS-e820: [mem 0x00000000fffc0000-0x00000000ffffffff] reserved
[    0.000000] NX (Execute Disable) protection: active
[    0.000000] SMBIOS 2.5 present.
[    0.000000] Hypervisor detected: KVM
[    0.000000] Kernel/User page tables isolation: disabled
[    0.000000] e820: last_pfn = 0x3fff0 max_arch_pfn = 0x400000000
[    0.000000] MTRR: Disabled
[    0.000000] x86/PAT: MTRRs disabled, skipping PAT initialization too.
[    0.000000] CPU MTRRs all blank - virtualized system.
[    0.000000] x86/PAT: Configuration [0-7]: WB  WT  UC- UC  WB  WT  UC- UC  
[    0.000000] found SMP MP-table at [mem 0x0009fff0-0x0009ffff] mapped at [ffff88000009fff0]
[    0.000000] Scanning 1 areas for low memory corruption
[    0.000000] RAMDISK: [mem 0x362dc000-0x37165fff]
[    0.000000] ACPI: Early table checksum verification disabled
[    0.000000] ACPI: RSDP 0x00000000000E0000 000024 (v02 VBOX  )
[    0.000000] ACPI: XSDT 0x000000003FFF0030 00003C (v01 VBOX   VBOXXSDT 00000001 ASL  00000061)
[    0.000000] ACPI: FACP 0x000000003FFF00F0 0000F4 (v04 VBOX   VBOXFACP 00000001 ASL  00000061)
[    0.000000] ACPI: DSDT 0x000000003FFF0610 002353 (v02 VBOX   VBOXBIOS 00000002 INTL 20100528)
[    0.000000] ACPI: FACS 0x000000003FFF0200 000040
[    0.000000] ACPI: FACS 0x000000003FFF0200 000040
[    0.000000] ACPI: APIC 0x000000003FFF0240 00005C (v02 VBOX   VBOXAPIC 00000001 ASL  00000061)
[    0.000000] ACPI: SSDT 0x000000003FFF02A0 00036C (v01 VBOX   VBOXCPUT 00000002 INTL 20100528)
[    0.000000] No NUMA configuration found
[    0.000000] Faking a node at [mem 0x0000000000000000-0x000000003ffeffff]
[    0.000000] NODE_DATA(0) allocated [mem 0x3ffeb000-0x3ffeffff]
[    0.000000] kvm-clock: Using msrs 4b564d01 and 4b564d00
[    0.000000] kvm-clock: cpu 0, msr 0:3ffe3001, primary cpu clock
[    0.000000] kvm-clock: using sched offset of 3308771638 cycles
[    0.000000] clocksource: kvm-clock: mask: 0xffffffffffffffff max_cycles: 0x1cd42e4dffb, max_idle_ns: 881590591483 ns
[    0.000000] Zone ranges:
[    0.000000]   DMA      [mem 0x0000000000001000-0x0000000000ffffff]
[    0.000000]   DMA32    [mem 0x0000000001000000-0x000000003ffeffff]
[    0.000000]   Normal   empty
[    0.000000]   Device   empty
[    0.000000] Movable zone start for each node
[    0.000000] Early memory node ranges
[    0.000000]   node   0: [mem 0x0000000000001000-0x000000000009efff]
[    0.000000]   node   0: [mem 0x0000000000100000-0x000000003ffeffff]
[    0.000000] Initmem setup node 0 [mem 0x0000000000001000-0x000000003ffeffff]
[    0.000000] ACPI: PM-Timer IO Port: 0x4008
[    0.000000] IOAPIC[0]: apic_id 2, version 32, address 0xfec00000, GSI 0-23
[    0.000000] ACPI: INT_SRC_OVR (bus 0 bus_irq 0 global_irq 2 dfl dfl)
[    0.000000] ACPI: INT_SRC_OVR (bus 0 bus_irq 9 global_irq 9 low level)
[    0.000000] Using ACPI (MADT) for SMP configuration information
[    0.000000] smpboot: Allowing 2 CPUs, 0 hotplug CPUs
[    0.000000] PM: Registered nosave memory: [mem 0x00000000-0x00000fff]
[    0.000000] PM: Registered nosave memory: [mem 0x0009f000-0x0009ffff]
[    0.000000] PM: Registered nosave memory: [mem 0x000a0000-0x000effff]
[    0.000000] PM: Registered nosave memory: [mem 0x000f0000-0x000fffff]
[    0.000000] e820: [mem 0x40000000-0xfebfffff] available for PCI devices
[    0.000000] Booting paravirtualized kernel on KVM
[    0.000000] clocksource: refined-jiffies: mask: 0xffffffff max_cycles: 0xffffffff, max_idle_ns: 7645519600211568 ns
[    0.000000] setup_percpu: NR_CPUS:512 nr_cpumask_bits:512 nr_cpu_ids:2 nr_node_ids:1
[    0.000000] PERCPU: Embedded 33 pages/cpu @ffff88003fc00000 s95192 r8192 d31784 u1048576
[    0.000000] Built 1 zonelists in Node order, mobility grouping on.  Total pages: 257912
[    0.000000] Policy zone: DMA32
[    0.000000] Kernel command line: BOOT_IMAGE=/boot/vmlinuz-4.4.0-210-generic root=LABEL=cloudimg-rootfs ro console=tty1 console=ttyS0
[    0.000000] PID hash table entries: 4096 (order: 3, 32768 bytes)
[    0.000000] Memory: 997792K/1048120K available (8644K kernel code, 1332K rwdata, 4044K rodata, 1492K init, 1164K bss, 50328K reserved, 0K cma-reserved)
[    0.000000] SLUB: HWalign=64, Order=0-3, MinObjects=0, CPUs=2, Nodes=1
[    0.000000] Hierarchical RCU implementation.
[    0.000000] 	Build-time adjustment of leaf fanout to 64.
[    0.000000] 	RCU restricting CPUs from NR_CPUS=512 to nr_cpu_ids=2.
[    0.000000] RCU: Adjusting geometry for rcu_fanout_leaf=64, nr_cpu_ids=2
[    0.000000] NR_IRQS:33024 nr_irqs:440 16
[    0.000000] Console: colour VGA+ 80x25
[    0.000000] console [tty1] enabled
[    0.000000] console [ttyS0] enabled
[    0.000000] tsc: Detected 2803.436 MHz processor
[    0.346805] Calibrating delay loop (skipped) preset value.. 5606.87 BogoMIPS (lpj=11213744)
[    0.351285] pid_max: default: 32768 minimum: 301
[    0.353767] ACPI: Core revision 20150930
[    0.356698] ACPI: 2 ACPI AML tables successfully acquired and loaded
[    0.360485] Security Framework initialized
[    0.362789] Yama: becoming mindful.
[    0.365219] AppArmor: AppArmor initialized
[    0.367536] Dentry cache hash table entries: 131072 (order: 8, 1048576 bytes)
[    0.373578] Inode-cache hash table entries: 65536 (order: 7, 524288 bytes)
[    0.380776] Mount-cache hash table entries: 2048 (order: 2, 16384 bytes)
[    0.385777] Mountpoint-cache hash table entries: 2048 (order: 2, 16384 bytes)
[    0.390030] Initializing cgroup subsys io
[    0.392198] Initializing cgroup subsys memory
[    0.394816] Initializing cgroup subsys devices
[    0.397178] Initializing cgroup subsys freezer
[    0.401488] Initializing cgroup subsys net_cls
[    0.403818] Initializing cgroup subsys perf_event
[    0.406778] Initializing cgroup subsys net_prio
[    0.409419] Initializing cgroup subsys hugetlb
[    0.411749] Initializing cgroup subsys pids
[    0.440801] mce: CPU supports 0 MCE banks
[    0.444901] Last level iTLB entries: 4KB 0, 2MB 0, 4MB 0
[    0.450352] Last level dTLB entries: 4KB 0, 2MB 0, 4MB 0, 1GB 0
[    0.453626] Spectre V1 : Mitigation: usercopy/swapgs barriers and __user pointer sanitization
[    0.458134] Spectre V2 : Mitigation: Enhanced IBRS
[    0.460881] Spectre V2 : Spectre v2 / SpectreRSB mitigation: Filling RSB on context switch
[    0.465145] Speculative Store Bypass: Vulnerable
[    0.489607] Freeing SMP alternatives memory: 36K
[    0.540749] ftrace: allocating 32380 entries in 127 pages
[    0.871143] smpboot: APIC(0) Converting physical 0 to logical package 0
[    0.877093] smpboot: Max logical packages: 1
[    0.888376] ..TIMER: vector=0x30 apic1=0 pin1=2 apic2=-1 pin2=-1
[    0.999904] APIC calibration not consistent with PM-Timer: 102ms instead of 100ms
[    1.006581] APIC delta adjusted to PM-Timer: 6308895 (6452855)
[    1.010981] smpboot: CPU0: 11th Gen Intel(R) Core(TM) i7-1165G7 @ 2.80GHz (family: 0x6, model: 0x8c, stepping: 0x1)
[    1.018830] Performance Events: unsupported p6 CPU model 140 no PMU driver, software events only.
[    1.086588] KVM setup paravirtual spinlock
[    1.090952] x86: Booting SMP configuration:
[    1.093469] .... node  #0, CPUs:      #1
[    1.097058] kvm-clock: cpu 1, msr 0:3ffe3041, secondary cpu clock
[    1.128236] mce: CPU supports 0 MCE banks
[    1.133434] TSC synchronization [CPU#0 -> CPU#1]:
[    1.136901] Measured 51042 cycles TSC warp between CPUs, turning off TSC clock.
[    1.140813] tsc: Marking TSC unstable due to check_tsc_sync_source failed
[    0.004000] x86: Booted up 1 node, 2 CPUs
[    0.420003] smpboot: Total of 2 processors activated (11213.74 BogoMIPS)
[    0.429211] devtmpfs: initialized
[    0.432990] evm: security.selinux
[    0.434935] evm: security.SMACK64
[    0.436003] evm: security.SMACK64EXEC
[    0.437921] evm: security.SMACK64TRANSMUTE
[    0.440001] evm: security.SMACK64MMAP
[    0.441868] evm: security.ima
[    0.444001] evm: security.capability
[    0.445972] clocksource: jiffies: mask: 0xffffffff max_cycles: 0xffffffff, max_idle_ns: 7645041785100000 ns
[    0.448011] futex hash table entries: 512 (order: 3, 32768 bytes)
[    0.452187] pinctrl core: initialized pinctrl subsystem
[    0.456159] RTC time: 14:26:26, date: 03/06/23
[    0.460355] NET: Registered protocol family 16
[    0.472005] cpuidle: using governor ladder
[    0.484005] cpuidle: using governor menu
[    0.487406] PCCT header not found.
[    0.488170] ACPI: bus type PCI registered
[    0.492003] acpiphp: ACPI Hot Plug PCI Controller Driver version: 0.5
[    0.500255] PCI: Using configuration type 1 for base access
[    0.516310] ACPI: Added _OSI(Module Device)
[    0.520003] ACPI: Added _OSI(Processor Device)
[    0.524001] ACPI: Added _OSI(3.0 _SCP Extensions)
[    0.526644] ACPI: Added _OSI(Processor Aggregator Device)
[    0.528843] ACPI: Executed 1 blocks of module-level executable AML code
[    0.537713] ACPI: Interpreter enabled
[    0.539619] ACPI: (supports S0 S5)
[    0.540002] ACPI: Using IOAPIC for interrupt routing
[    0.544192] PCI: Using host bridge windows from ACPI; if necessary, use "pci=nocrs" and report a bug
[    0.553855] ACPI: PCI Root Bridge [PCI0] (domain 0000 [bus 00-ff])
[    0.556005] acpi PNP0A03:00: _OSC: OS supports [ASPM ClockPM Segments MSI]
[    0.560442] acpi PNP0A03:00: _OSC: not requesting OS control; OS requires [ExtendedConfig ASPM ClockPM MSI]
[    0.564006] acpi PNP0A03:00: fail to add MMCONFIG information, can't access extended PCI configuration space under this bridge.
[    0.572372] PCI host bridge to bus 0000:00
[    0.574525] pci_bus 0000:00: root bus resource [io  0x0000-0x0cf7 window]
[    0.576003] pci_bus 0000:00: root bus resource [io  0x0d00-0xffff window]
[    0.580002] pci_bus 0000:00: root bus resource [mem 0x000a0000-0x000bffff window]
[    0.584002] pci_bus 0000:00: root bus resource [mem 0x40000000-0xfdffffff window]
[    0.588002] pci_bus 0000:00: root bus resource [bus 00-ff]
[    0.596219] pci 0000:00:01.1: legacy IDE quirk: reg 0x10: [io  0x01f0-0x01f7]
[    0.599621] pci 0000:00:01.1: legacy IDE quirk: reg 0x14: [io  0x03f6]
[    0.600002] pci 0000:00:01.1: legacy IDE quirk: reg 0x18: [io  0x0170-0x0177]
[    0.604001] pci 0000:00:01.1: legacy IDE quirk: reg 0x1c: [io  0x0376]
[    0.622534] pci 0000:00:07.0: quirk: [io  0x4000-0x403f] claimed by PIIX4 ACPI
[    0.624024] pci 0000:00:07.0: quirk: [io  0x4100-0x410f] claimed by PIIX4 SMB
[    0.633360] ACPI: PCI Interrupt Link [LNKA] (IRQs 5 9 10 *11)
[    0.640262] ACPI: PCI Interrupt Link [LNKB] (IRQs 5 9 *10 11)
[    0.648116] ACPI: PCI Interrupt Link [LNKC] (IRQs 5 *9 10 11)
[    0.653886] ACPI: PCI Interrupt Link [LNKD] (IRQs 5 9 10 *11)
[    0.657932] ACPI: Enabled 2 GPEs in block 00 to 07
[    0.660142] vgaarb: setting as boot device: PCI:0000:00:02.0
[    0.662795] vgaarb: device added: PCI:0000:00:02.0,decodes=io+mem,owns=io+mem,locks=none
[    0.664002] vgaarb: loaded
[    0.665589] vgaarb: bridge control possible 0000:00:02.0
[    0.668251] SCSI subsystem initialized
[    0.672109] ACPI: bus type USB registered
[    0.674160] usbcore: registered new interface driver usbfs
[    0.676015] usbcore: registered new interface driver hub
[    0.680006] usbcore: registered new device driver usb
[    0.684087] PCI: Using ACPI for IRQ routing
[    0.686751] NetLabel: Initializing
[    0.688001] NetLabel:  domain hash size = 128
[    0.690171] NetLabel:  protocols = UNLABELED CIPSOv4
[    0.692011] NetLabel:  unlabeled traffic allowed by default
[    0.696085] amd_nb: Cannot enumerate AMD northbridges
[    0.700065] clocksource: Switched to clocksource kvm-clock
[    0.706974] AppArmor: AppArmor Filesystem Enabled
[    0.706974] pnp: PnP ACPI init
[    0.706974] pnp: PnP ACPI: found 3 devices
[    0.758290] clocksource: acpi_pm: mask: 0xffffff max_cycles: 0xffffff, max_idle_ns: 2085701024 ns
[    0.764761] NET: Registered protocol family 2
[    0.769660] TCP established hash table entries: 8192 (order: 4, 65536 bytes)
[    0.775325] TCP bind hash table entries: 8192 (order: 5, 131072 bytes)
[    0.779188] TCP: Hash tables configured (established 8192 bind 8192)
[    0.779188] UDP hash table entries: 512 (order: 2, 16384 bytes)
[    0.779188] UDP-Lite hash table entries: 512 (order: 2, 16384 bytes)
[    0.779188] NET: Registered protocol family 1
[    0.779188] pci 0000:00:00.0: Limiting direct PCI/PCI transfers
[    0.779188] pci 0000:00:01.0: Activating ISA DMA hang workarounds
[    0.779188] Unpacking initramfs...
[    1.008830] Freeing initrd memory: 14888K
[    1.008830] clocksource: tsc: mask: 0xffffffffffffffff max_cycles: 0x2868ee793d5, max_idle_ns: 440795215546 ns
[    1.008830] platform rtc_cmos: registered platform RTC device (no PNP device found)
[    1.008830] Scanning for low memory corruption every 60 seconds
[    1.035326] audit: initializing netlink subsys (disabled)
[    1.040530] audit: type=2000 audit(1678112791.145:1): initialized
[    1.044072] Initialise system trusted keyring
[    1.047305] HugeTLB registered 2 MB page size, pre-allocated 0 pages
[    1.051973] zbud: loaded
[    1.054339] VFS: Disk quotas dquot_6.6.0
[    1.056557] VFS: Dquot-cache hash table entries: 512 (order 0, 4096 bytes)
[    1.060071] squashfs: version 4.0 (2009/01/31) Phillip Lougher
[    1.064401] fuse init (API version 7.23)
[    1.067070] Key type big_key registered
[    1.069277] Allocating IMA MOK and blacklist keyrings.
[    1.082510] Key type asymmetric registered
[    1.086738] Asymmetric key parser 'x509' registered
[    1.089222] Block layer SCSI generic (bsg) driver version 0.4 loaded (major 249)
[    1.093492] io scheduler noop registered
[    1.095456] io scheduler deadline registered (default)
[    1.098181] io scheduler cfq registered
[    1.100186] pci_hotplug: PCI Hot Plug PCI Core version: 0.5
[    1.103060] pciehp: PCI Express Hot Plug Controller Driver version: 0.4
[    1.106423] ACPI: AC Adapter [AC] (on-line)
[    1.108636] input: Power Button as /devices/LNXSYSTM:00/LNXPWRBN:00/input/input0
[    1.110288] ACPI: Power Button [PWRF]
[    1.110288] input: Sleep Button as /devices/LNXSYSTM:00/LNXSLPBN:00/input/input1
[    1.110288] ACPI: Sleep Button [SLPF]
[    1.120709] GHES: HEST is not enabled!
[    1.121908] ACPI: Battery Slot [BAT0] (battery present)
[    1.125916] Serial: 8250/16550 driver, 32 ports, IRQ sharing enabled
[    1.152344] 00:02: ttyS0 at I/O 0x3f8 (irq = 4, base_baud = 115200) is a 16550A
[    1.171451] Linux agpgart interface v0.103
[    1.183607] loop: module loaded
[    1.188205] scsi host0: ata_piix
[    1.191826] scsi host1: ata_piix
[    1.194770] ata1: PATA max UDMA/33 cmd 0x1f0 ctl 0x3f6 bmdma 0xd000 irq 14
[    1.198721] ata2: PATA max UDMA/33 cmd 0x170 ctl 0x376 bmdma 0xd008 irq 15
[    1.204889] libphy: Fixed MDIO Bus: probed
[    1.207455] tun: Universal TUN/TAP device driver, 1.6
[    1.210271] tun: (C) 1999-2004 Max Krasnyansky <maxk@qualcomm.com>
[    1.214099] PPP generic driver version 2.4.2
[    1.216834] ehci_hcd: USB 2.0 'Enhanced' Host Controller (EHCI) Driver
[    1.219985] ehci-pci: EHCI PCI platform driver
[    1.222422] ehci-platform: EHCI generic platform driver
[    1.225379] ohci_hcd: USB 1.1 'Open' Host Controller (OHCI) Driver
[    1.228469] ohci-pci: OHCI PCI platform driver
[    1.229350] ohci-platform: OHCI generic platform driver
[    1.229350] uhci_hcd: USB Universal Host Controller Interface driver
[    1.229350] i8042: PNP: PS/2 Controller [PNP0303:PS2K,PNP0f03:PS2M] at 0x60,0x64 irq 1,12
[    1.242805] serio: i8042 KBD port at 0x60,0x64 irq 1
[    1.245201] serio: i8042 AUX port at 0x60,0x64 irq 12
[    1.248852] mousedev: PS/2 mouse device common for all mice
[    1.254708] rtc_cmos rtc_cmos: rtc core: registered rtc_cmos as rtc0
[    1.259741] input: AT Translated Set 2 keyboard as /devices/platform/i8042/serio0/input/input2
[    1.264221] rtc_cmos rtc_cmos: alarms up to one day, 114 bytes nvram
[    1.267588] i2c /dev entries driver
[    1.270062] device-mapper: uevent: version 1.0.3
[    1.273053] device-mapper: ioctl: 4.34.0-ioctl (2015-10-28) initialised: dm-devel@redhat.com
[    1.277362] ledtrig-cpu: registered to indicate activity on CPUs
[    1.282957] NET: Registered protocol family 10
[    1.286400] NET: Registered protocol family 17
[    1.289311] Key type dns_resolver registered
[    1.293733] registered taskstats version 1
[    1.296236] Loading compiled-in X.509 certificates
[    1.299750] Loaded X.509 cert 'Build time autogenerated kernel key: cf00e047681d67edb2720680708b7d9498083038'
[    1.305751] zswap: loaded using pool lzo/zbud
[    1.313288] Key type trusted registered
[    1.320611] Key type encrypted registered
[    1.322960] AppArmor: AppArmor sha1 policy hashing enabled
[    1.326016] ima: No TPM chip found, activating TPM-bypass!
[    1.329138] ima: Allocated hash algorithm: sha1
[    1.331393] evm: HMAC attrs: 0x1
[    1.334193]   Magic number: 15:290:434
[    1.336713] rtc_cmos rtc_cmos: setting system clock to 2023-03-06 14:26:27 UTC (1678112787)
[    1.341469] BIOS EDD facility v0.16 2004-Jun-25, 0 devices found
[    1.345040] EDD information not available.
[    1.407621] Freeing unused kernel memory: 1492K
[    1.411003] Write protecting the kernel read-only data: 14336k
[    1.414948] Freeing unused kernel memory: 1584K
[    1.417836] Freeing unused kernel memory: 52K
Loading, please wait...
starting version 229
[    1.436784] random: systemd-udevd: uninitialized urandom read (16 bytes read, 9 bits of entropy available)
[    1.437382] random: udevadm: uninitialized urandom read (16 bytes read, 9 bits of entropy available)
[    1.437409] random: udevadm: uninitialized urandom read (16 bytes read, 9 bits of entropy available)
[    1.443841] random: udevadm: uninitialized urandom read (16 bytes read, 9 bits of entropy available)
[    1.443908] random: udevadm: uninitialized urandom read (16 bytes read, 9 bits of entropy available)
[    1.444021] random: udevadm: uninitialized urandom read (16 bytes read, 9 bits of entropy available)
[    1.444061] random: udevadm: uninitialized urandom read (16 bytes read, 9 bits of entropy available)
[    1.444127] random: udevadm: uninitialized urandom read (16 bytes read, 9 bits of entropy available)
[    1.444170] random: udevadm: uninitialized urandom read (16 bytes read, 9 bits of entropy available)
[    1.444226] random: udevadm: uninitialized urandom read (16 bytes read, 9 bits of entropy available)
[    1.535810] e1000: Intel(R) PRO/1000 Network Driver - version 7.3.21-k8-NAPI
[    1.547738] e1000: Copyright (c) 1999-2006 Intel Corporation.
[    1.566381] Fusion MPT base driver 3.04.20
[    1.570900] Copyright (c) 1999-2008 LSI Corporation
[    1.592965] SSE version of gcm_enc/dec engaged.
[    1.613988] Fusion MPT SPI Host driver 3.04.20
[    1.782384] input: ImExPS/2 Generic Explorer Mouse as /devices/platform/i8042/serio1/input/input4
[    2.065377] e1000 0000:00:03.0 eth0: (PCI:33MHz:32-bit) 02:be:82:6b:cc:1d
[    2.071445] e1000 0000:00:03.0 eth0: Intel(R) PRO/1000 Network Connection
[    2.076642] mptbase: ioc0: Initiating bringup
[    2.077571] e1000 0000:00:03.0 enp0s3: renamed from eth0
[    2.718527] ioc0: LSI53C1030 A0: Capabilities={Initiator}
[    3.045574] scsi host2: ioc0: LSI53C1030 A0, FwRev=00000000h, Ports=1, MaxQ=256, IRQ=20
[    3.842382] scsi 2:0:0:0: Direct-Access     VBOX     HARDDISK         1.0  PQ: 0 ANSI: 5
[    3.853240] scsi target2:0:0: Beginning Domain Validation
[    3.865390] scsi target2:0:0: Domain Validation skipping write tests
[    3.871028] scsi target2:0:0: Ending Domain Validation
[    3.874888] scsi target2:0:0: asynchronous
[    3.879791] scsi 2:0:1:0: Direct-Access     VBOX     HARDDISK         1.0  PQ: 0 ANSI: 5
[    3.884331] scsi target2:0:1: Beginning Domain Validation
[    3.893114] scsi target2:0:1: Domain Validation skipping write tests
[    3.897126] scsi target2:0:1: Ending Domain Validation
[    3.900273] scsi target2:0:1: asynchronous
[    3.928048] sd 2:0:0:0: Attached scsi generic sg0 type 0
[    3.934663] sd 2:0:0:0: [sda] 83886080 512-byte logical blocks: (42.9 GB/40.0 GiB)
[    3.954403] sd 2:0:1:0: [sdb] 20480 512-byte logical blocks: (10.5 MB/10.0 MiB)
[    3.961517] sd 2:0:1:0: Attached scsi generic sg1 type 0
[    3.965033] sd 2:0:0:0: [sda] Write Protect is off
[    3.965401] sd 2:0:1:0: [sdb] Write Protect is off
[    3.965702] sd 2:0:1:0: [sdb] Incomplete mode parameter data
[    3.965703] sd 2:0:1:0: [sdb] Assuming drive cache: write through
[    3.972578] sd 2:0:1:0: [sdb] Attached SCSI disk
[    3.983302] sd 2:0:0:0: [sda] Incomplete mode parameter data
[    3.986476] sd 2:0:0:0: [sda] Assuming drive cache: write through
[    3.995608]  sda: sda1
[    4.000953] sd 2:0:0:0: [sda] Attached SCSI disk
Begin: Loading essential drivers ... [    5.467511] md: linear personality registered for level -1
[    5.475288] md: multipath personality registered for level -4
[    5.481095] md: raid0 personality registered for level 0
[    5.495540] md: raid1 personality registered for level 1
[    6.006300] raid6: sse2x1   gen() 125790 MB/s
[    8.005312] raid6: sse2x1   xor() 191411 MB/s
[    9.006063] raid6: sse2x2   gen() 369288 MB/s
[   11.004439] raid6: sse2x2   xor() 264193 MB/s
[   11.078412] raid6: sse2x4   gen() 24035 MB/s
[   12.019253] raid6: sse2x4   xor() 220244 MB/s
[   12.023584] raid6: using algorithm sse2x2 gen() 369288 MB/s
[   12.028969] raid6: .... xor() 264193 MB/s, rmw enabled
[   12.033425] raid6: using ssse3x2 recovery algorithm
[   12.038342] xor: measuring software checksum speed
[   12.080108]    prefetch64-sse: 26013.000 MB/sec
[   12.120192]    generic_sse: 24793.000 MB/sec
[   12.123021] xor: using function: prefetch64-sse (26013.000 MB/sec)
[   12.130338] async_tx: api initialized (async)
[   12.166846] md: raid6 personality registered for level 6
[   12.172642] md: raid5 personality registered for level 5
[   12.175799] md: raid4 personality registered for level 4
[   12.194144] md: raid10 personality registered for level 10
done.
Begin: Running /scripts/init-premount ... done.
Begin: Mounting root file system ... Begin: Running /scripts/local-top ... done.
Begin: Running /scripts/local-premount ... [   12.246545] Btrfs loaded
Scanning for Btrfs filesystems
done.
Warning: fsck not present, so skipping root file system
[   12.292895] EXT4-fs (sda1): mounted filesystem with ordered data mode. Opts: (null)
done.
Begin: Running /scripts/local-bottom ... done.
Begin: Running /scripts/init-bottom ... done.
[   12.414317] systemd[1]: systemd 229 running in system mode. (+PAM +AUDIT +SELINUX +IMA +APPARMOR +SMACK +SYSVINIT +UTMP +LIBCRYPTSETUP +GCRYPT +GNUTLS +ACL +XZ -LZ4 +SECCOMP +BLKID +ELFUTILS +KMOD -IDN)
[   12.424878] systemd[1]: Detected virtualization oracle.
[   12.428277] systemd[1]: Detected architecture x86-64.

Welcome to [1mUbuntu 16.04.7 LTS[0m!

[   12.439104] systemd[1]: Set hostname to <ubuntu>.
[   12.447076] systemd[1]: Initializing machine ID from random generator.
[   12.451014] systemd[1]: Installed transient /etc/machine-id file.
[   12.618740] systemd[1]: Started Forward Password Requests to Wall Directory Watch.
[[0;32m  OK  [0m] Started Forward Password Requests to Wall Directory Watch.
[   12.627779] systemd[1]: Created slice User and Session Slice.
[[0;32m  OK  [0m] Created slice User and Session Slice.
[   12.634401] systemd[1]: Listening on Syslog Socket.
[[0;32m  OK  [0m] Listening on Syslog Socket.
[   12.640405] systemd[1]: Listening on /dev/initctl Compatibility Named Pipe.
[[0;32m  OK  [0m] Listening on /dev/initctl Compatibility Named Pipe.
[   12.648182] systemd[1]: Reached target Swap.
[[0;32m  OK  [0m] Reached target Swap.
[   12.653981] systemd[1]: Listening on Journal Audit Socket.
[[0;32m  OK  [0m] Listening on Journal Audit Socket.
[   12.660276] systemd[1]: Listening on udev Kernel Socket.
[[0;32m  OK  [0m] Listening on udev Kernel Socket.
[   12.666687] systemd[1]: Reached target User and Group Name Lookups.
[[0;32m  OK  [0m] Reached target User and Group Name Lookups.
[   12.673424] systemd[1]: Listening on Device-mapper event daemon FIFOs.
[[0;32m  OK  [0m] Listening on Device-mapper event daemon FIFOs.
[   12.680466] systemd[1]: Listening on fsck to fsckd communication Socket.
[[0;32m  OK  [0m] Listening on fsck to fsckd communication Socket.
[   12.687795] systemd[1]: Set up automount Arbitrary Executable File Formats File System Automount Point.
[[0;32m  OK  [0m] Set up automount Arbitrary Executab...ats File System Automount Point.
[   12.696507] systemd[1]: Listening on Journal Socket (/dev/log).
[[0;32m  OK  [0m] Listening on Journal Socket (/dev/log).
[   12.704049] systemd[1]: Listening on Journal Socket.
[[0;32m  OK  [0m] Listening on Journal Socket.
[   12.711345] systemd[1]: Listening on LVM2 metadata daemon socket.
[[0;32m  OK  [0m] Listening on LVM2 metadata daemon socket.
[   12.724487] systemd[1]: Listening on udev Control Socket.
[[0;32m  OK  [0m] Listening on udev Control Socket.
[   12.732568] systemd[1]: Listening on LVM2 poll daemon socket.
[[0;32m  OK  [0m] Listening on LVM2 poll daemon socket.
[   12.739306] systemd[1]: Started Trigger resolvconf update for networkd DNS.
[[0;32m  OK  [0m] Started Trigger resolvconf update for networkd DNS.
[   12.746734] systemd[1]: Reached target System Time Synchronized.
[[0;32m  OK  [0m] Reached target System Time Synchronized.
[   12.754072] systemd[1]: Created slice System Slice.
[[0;32m  OK  [0m] Created slice System Slice.
[   12.772199] systemd[1]: Starting Set console keymap...
         Starting Set console keymap...
[   12.796978] systemd[1]: Starting Nameserver information manager...
         Starting Nameserver information manager...
[   12.805716] systemd[1]: Reached target Slices.
[[0;32m  OK  [0m] Reached target Slices.
[   12.813476] systemd[1]: Starting Uncomplicated firewall...
         Starting Uncomplicated firewall...
[   12.822941] systemd[1]: Starting File System Check on Root Device...
         Starting File System Check on Root Device...
[   12.832510] systemd[1]: Mounting Debug File System...
         Mounting Debug File System...
[   12.838956] systemd[1]: Created slice system-serial\x2dgetty.slice.
[[0;32m  OK  [0m] Created slice system-serial\x2dgetty.slice.
[   12.846450] systemd[1]: Starting Create list of required static device nodes for the current kernel...
         Starting Create list of required st... nodes for the current kernel...
[   12.855506] systemd[1]: Starting Journal Service...
         Starting Journal Service...
[   12.868874] systemd[1]: Mounting POSIX Message Queue File System...
         Mounting POSIX Message Queue File System...
[   12.876470] random: nonblocking pool is initialized
[   12.876986] systemd[1]: Starting Load Kernel Modules...
         Starting Load Kernel Modules...
[   12.889631] systemd[1]: Mounting Huge Pages File System...
         Mounting Huge Pages File System...
[   12.897379] systemd[1]: Starting Monitoring of LVM2 mirrors, snapshots etc. using dmeventd or progress polling...
[   12.904665] Loading iSCSI transport class v2.0-870.
         Starting Monitoring of LVM2 mirrors... dmeventd or progress polling...
[   12.911935] systemd[1]: Reached target Encrypted Volumes.
[[0;32m  OK  [0m] Reached target Encrypted Volumes.
[   12.919596] systemd[1]: Mounted Huge Pages File System.
[[0;32m  OK  [0m] Mounted Huge Pages File System.
[   12.925846] systemd[1]: Mounted POSIX Message Queue File System.
[   12.930287] iscsi: registered transport (tcp)
[[0;32m  OK  [0m] Mounted POSIX Message Queue File System.
[   12.935274] systemd[1]: Mounted Debug File System.
[[0;32m  OK  [0m] Mounted Debug File System.
[   12.940774] systemd[1]: Started Journal Service.
[[0;32m  OK  [0m] Started Journal Service.
[[0;32m  OK  [0m] Started Set console keymap.
[[0;32m  OK  [0m] Started Uncomplicated firewall.
[[0;32m  OK  [0m] Started File System Check on Root Device.
[[0;32m  OK  [0m] Started Create list of required sta...ce nodes for the current kernel.
[[0;32m  OK  [0m] Started Nameserver information manager.
[[0;32m  OK  [0m] Started LVM2 metadata daemon.
[[0;32m  OK  [0m] Started File System Check Daemon to report status.
         Starting Create Static Device Nodes in /dev...
         Starting Remount Root and Kernel File Systems...
[   12.990184] EXT4-fs (sda1): re-mounted. Opts: (null)
[[0;32m  OK  [0m] Started Remount Root and Kernel File Systems.
[   13.027590] iscsi: registered transport (iser)
         Starting udev Coldplug all Devices...
         Starting Flush Journal to Persistent Storage...
         Starting Load/Save Random Seed...
[[0;32m  OK  [0m] Started Load Kernel Modules.
[[0;32m  OK  [0m] Started Create Static Device Nodes in /dev.
[[0;32m  OK  [0m] Started Load/Save Random Seed.
         Starting udev Kernel Device Manager...
         Mounting FUSE Control File System...
         Starting Apply Kernel Variables...
[[0;32m  OK  [0m] Mounted FUSE Control File System.
[[0;32m  OK  [0m] Started udev Coldplug all Devices.
[[0;32m  OK  [0m] Started Apply Kernel Variables.
[[0;32m  OK  [0m] Started Flush Journal to Persistent Storage.
[[0;32m  OK  [0m] Started udev Kernel Device Manager.
[[0;32m  OK  [0m] Started Dispatch Password Requests to Console Directory Watch.
[[0;32m  OK  [0m] Found device /dev/ttyS0.
[[0;32m  OK  [0m] Listening on Load/Save RF Kill Switch Status /dev/rfkill Watch.
[[0;32m  OK  [0m] Started Monitoring of LVM2 mirrors,...ng dmeventd or progress polling.
[[0;32m  OK  [0m] Reached target Local File Systems (Pre).
[[0;32m  OK  [0m] Reached target Local File Systems.
         Starting Commit a transient machine-id on disk...
         Starting Initial cloud-init job (pre-networking)...
         Starting Create Volatile Files and Directories...
         Starting Set console font and keymap...
         Starting LSB: AppArmor initialization...
         Starting Tell Plymouth To Write Out Runtime Data...
[[0;32m  OK  [0m] Started Commit a transient machine-id on disk.
[[0;32m  OK  [0m] Started Create Volatile Files and Directories.
         Starting Update UTMP about System Boot/Shutdown...
[[0;32m  OK  [0m] Started Update UTMP about System Boot/Shutdown.
[[0;32m  OK  [0m] Started Tell Plymouth To Write Out Runtime Data.
[[0;32m  OK  [0m] Started Set console font and keymap.
[[0;32m  OK  [0m] Created slice system-getty.slice.
[[0;32m  OK  [0m] Started LSB: AppArmor initialization.
         Starting Load AppArmor profiles managed internally by snapd...
[[0;32m  OK  [0m] Started Load AppArmor profiles managed internally by snapd.
[   15.074832] cloud-init[606]: Cloud-init v. 21.1-19-gbad84ad4-0ubuntu1~16.04.2 running 'init-local' at Mon, 06 Mar 2023 14:26:41 +0000. Up 14.84 seconds.
[[0;32m  OK  [0m] Started Initial cloud-init job (pre-networking).
[[0;32m  OK  [0m] Reached target Network (Pre).
         Starting Raise network interfaces...
[[0;32m  OK  [0m] Started Raise network interfaces.
[[0;32m  OK  [0m] Reached target Network.
         Starting Initial cloud-init job (metadata service crawler)...
[   15.929801] cloud-init[947]: Cloud-init v. 21.1-19-gbad84ad4-0ubuntu1~16.04.2 running 'init' at Mon, 06 Mar 2023 14:26:41 +0000. Up 15.52 seconds.
[   15.933411] cloud-init[947]: ci-info: ++++++++++++++++++++++++++++++++++++++Net device info++++++++++++++++++++++++++++++++++++++
[   15.936774] cloud-init[947]: ci-info: +--------+------+----------------------------+---------------+--------+-------------------+
[   15.939927] cloud-init[947]: ci-info: | Device |  Up  |          Address           |      Mask     | Scope  |     Hw-Address    |
[   15.943055] cloud-init[947]: ci-info: +--------+------+----------------------------+---------------+--------+-------------------+
[   15.946479] cloud-init[947]: ci-info: | enp0s3 | True |         10.0.2.15          | 255.255.255.0 | global | 02:be:82:6b:cc:1d |
[   15.949774] cloud-init[947]: ci-info: | enp0s3 | True | fe80::be:82ff:fe6b:cc1d/64 |       .       |  link  | 02:be:82:6b:cc:1d |
[   15.953308] cloud-init[947]: ci-info: |   lo   | True |         127.0.0.1          |   255.0.0.0   |  host  |         .         |
[   15.956690] cloud-init[947]: ci-info: |   lo   | True |          ::1/128           |       .       |  host  |         .         |
[   15.959906] cloud-init[947]: ci-info: +--------+------+----------------------------+---------------+--------+-------------------+
[   15.963257] cloud-init[947]: ci-info: +++++++++++++++++++++++++++Route IPv4 info++++++++++++++++++++++++++++
[   15.966352] cloud-init[947]: ci-info: +-------+-------------+----------+---------------+-----------+-------+
[   15.969605] cloud-init[947]: ci-info: | Route | Destination | Gateway  |    Genmask    | Interface | Flags |
[   15.972602] cloud-init[947]: ci-info: +-------+-------------+----------+---------------+-----------+-------+
[   15.975504] cloud-init[947]: ci-info: |   0   |   0.0.0.0   | 10.0.2.2 |    0.0.0.0    |   enp0s3  |   UG  |
[   15.994680] [[0;32m  OK  [0m] Started Initial cloud-init job (metadata service crawler).
[[0;32m  OK  [0m] Reached target System Initialization.
[[0;32m  OK  [0m] Started ACPI Events Check.
[[0;32m  OK  [0m] Reached target Paths.
[[0;32m  OK  [0m] Started Message of the Day.
[[0;32m  OK  [0m] Started Daily apt download activities.
[[0;32m  OK  [0m] Started Daily apt upgrade and clean activities.
         Starting LXD - unix socket.
[[0;32m  OK  [0m] Started Daily Cleanup of Temporary Directories.
[[0;32m  OK  [0m] Started Ubuntu Advantage update messaging.
[[0;32m  OK  [0m] Reached target Timers.
[[0;32m  OK  [0m] Listening on D-Bus System Message Bus Socket.
[[0;32m  OK  [0m] Listening on UUID daemon activation socket.
         Starting Socket activation for snappy daemon.
[[0;32m  OK  [0m] Listening on ACPID Listen Socket.
[[0;32m  OK  [0m] Reached target Network is Online.
cloud-init[947]: ci-info: |   1   |   10.0.2.0  | 0.0.0.0  | 255.255.255.0 |   enp0s3  |   U   |
[   16.013858] cloud-init         Starting iSCSI initiator daemon (iscsid)...
[[0;32m  OK  [0m] Reached target Cloud-config availability.
[[0;32m  OK  [0m] Listening on LXD - unix socket.
[[0;32m  OK  [0m] Listening on Socket activation for snappy daemon.
[[0;32m  OK  [0m] Reached target Sockets.
[[0;32m  OK  [0m] Reached target Basic System.
[[0;32m  OK  [0m] Started D-Bus System Message Bus.
[947]: ci-info: +-------+-------------+----------+---------------+-----------+-------+
[   16.030292] cloud-init[947]: ci-info: +++++++++++++++++++Route IPv6 info+++++++++++++++++++
[   16.038810] cloud-init[947]: ci-info: +-------+-------------+---------+-----------+-------+
[   16.045830] cloud-init[947]: ci-info: | Route | Destination | Gateway | Interface | Flags |
[   16.053760] cloud-init[947]: ci-info: +-------+-------------+---------+-----------+-------+
[   16.060659] cloud-init[947]: ci-info: |   0   |  fe80::/64  |    ::   |   enp0s3  |   U   |
[   16.065488] cloud-init[947]: ci-info: |   3   |   ff00::/8  |    ::   |   enp0s3  |   U   |
[   16.070312] cloud-init[947]: ci-info: +-------+-------------+---------+-----------+-------+
[[0;32m  OK  [0m] Started FUSE filesystem for LXC.
[   16.079057] [[0;32m  OK  [0m] Started Deferred execution scheduler.
         Starting Accounts Service...
cloud-init         Starting Virtualbox guest utils...
[947]: Generating public/private rsa key pair.
[   16.096542]          Starting Pollinate to seed the pseudo random number generator...
         Starting LSB: Record successful boot for GRUB...
         Starting System Logging Service...
         Starting LXD - container startup/shutdown...
         Starting Login Service...
         Starting LSB: MD monitoring daemon...
cloud-init[[0;32m  OK  [0m] Started Regular background program processing daemon.
         Starting /etc/rc.local Compatibility...
[947]: Your identification has been saved in /etc/ssh/ssh_host_rsa_key.
[   16.118560] cloud-init[[0;32m  OK  [0m] Started ACPI event daemon.
         Starting Snap Daemon...
[[0;32m  OK  [0m] Started /etc/rc.local Compatibility.
[947]: Your public key has been saved in /etc/ssh/ssh_host_rsa_key.pub.
[   16.137948] cloud-init[947]: The key fingerprint is:
[[0;32m  OK  [0m] Started iSCSI initiator daemon (iscsid).
[[0;32m  OK  [0m] Started System Logging Service.
[   16.165654] cloud-init[947]: SHA256:m8vVuoSJmZ168yXfL6jAFT5OZnL+FAndWoS2kdI3ZQw root@ubuntu-xenial
         Starting Login to default iSCSI targets...
[[0;32m  OK  [0m] Started LSB: MD monitoring daemon.
[[0;32m  OK  [0m] Started Login Service.
[[0;32m  OK  [0m] Started Unattended Upgrades Shutdown.
[   16.181579] cloud-init[947]: The key's randomart image is:
[[0;32m  OK  [0m] Started LSB: Record successful boot for GRUB.
[   16.217897] cloud-init[947]: +---[RSA 2048]----+
[[0;32m  OK  [0m] Started Login to default iSCSI targets.
[[0;32m  OK  [0m] Reached target Remote File Systems (Pre).
[[0;32m  OK  [0m] Reached target Remote File Systems.
[   16.221747] cloud-init[947]: |           . oE+o|
[   16.229704] cloud-init[947]: |          ..*oo..|
[   16.233797] cloud-init[947]: |          oo.+o. |
[   16.240487] cloud-init[947]: |         . o.+   |
         Starting LSB: automatic crash report generation...
         Starting Permit User Sessions...
         Starting LSB: daemon to balance interrupts for SMP systems...
[   16.256332] cloud-init[947]: |        S O +    |
[   16.264356] cloud-init[947]: |       * / o .   |
[   16.264627] cloud-init[947]: |      + X * +.   |
[   16.264856] cloud-init[947]: |       oo= B...  |
[   16.265088] cloud-init[947]: |      ..oo=oo .o.|
[   16.265341] cloud-init[947]: +----[SHA256]-----+
[   16.265541] cloud-init[947]: Generating public/private dsa key pair.
[   16.266000] cloud-init[947]: Your identification has been saved in /etc/ssh/ssh_host_dsa_key.
[   16.266236] cloud-init[947]: Your public key has been saved in /etc/ssh/ssh_host_dsa_key.pub.
[   16.266454] cloud-init[947]: The key fingerprint is:
[   16.266675] cloud-init[947]: SHA256:mETDcBl5Rr1JeFflC7btimjfBHrKX0LyCNdfygutUlE root@ubuntu-xenial
[   16.266896] cloud-init[947]: The key's randomart image is:
[   16.267121] cloud-init[947]: +---[DSA 1024]----+
[   16.267337] cloud-init[947]: |    .o==.o   ....|
[   16.267569] cloud-init[947]: |     o+.+ + .E . |
[   16.267779] cloud-init[947]: |      .o o +.o  .|
         Starting LSB: Set the CPU Frequency Scaling governor to "ondemand"...
         Starting Authenticate and Authorize Users to Run Privileged Tasks...
[   16.268000] cloud-init[947]: |     . o  +.. + .|
[[0;32m  OK  [0m] Started Permit User Sessions.
         Starting Terminate Plymouth Boot Screen...
         Starting Hold until boot process finishes up...
[[0;32m  OK  [0m] Started Hold until boot process finishes up.
[[0;32m  OK  [0m] Started Getty on tty1.
         Starting Set console scheme...
[[0;32m  OK  [0m] Started Serial Getty on ttyS0.
[[0;32m  OK  [0m] Reached target Login Prompts.
[[0;32m  OK  [0m] Started Set console scheme.
[[0;32m  OK  [0m] Started Terminate Plymouth Boot Screen.
[   16.290853] cloud-init[947]: |      o.So +.. + |
[   16.337946] cloud-init[947]: |        o *.= +  |[[0;32m  OK  [0m] Started LSB: automatic crash report generation.

[   16.358253] cloud-init[947]: [[0;32m  OK  [0m] Started LSB: daemon to balance interrupts for SMP systems.
[[0;32m  OK  [0m] Started Authenticate and Authorize Users to Run Privileged Tasks.
|         o.= B . |[[0;32m  OK  [0m] Started Accounts Service.

[   16.377002] [[0;32m  OK  [0m] Started LSB: Set the CPU Frequency Scaling governor to "ondemand".
cloud-init[947]: |        .o+ O o  |
[   16.390417] cloud-init[947]: |        .++= +   |
[   16.404561] cloud-init[947]: +----[SHA256]-----+
[[0;32m  OK  [0m] Started Virtualbox guest utils.
[[0;32m  OK  [0m] Started LXD - container startup/shutdown.
[   16.417393] cloud-init[947]: Generating public/private ecdsa key pair.
[   16.425134] cloud-init[947]: Your identification has been saved in /etc/ssh/ssh_host_ecdsa_key.
[   16.431830] cloud-init[947]: Your public key has been saved in /etc/ssh/ssh_host_ecdsa_key.pub.
[   16.438300] cloud-init[947]: The key fingerprint is:
[   16.447346] cloud-init[947]: SHA256:oaC0m9jV07ZgC+9QpkhoSztm6gZ3+nJZxBjqfH/8/AU root@ubuntu-xenial
[   16.459602] cloud-init[947]: The key's randomart image is:
[   16.469959] cloud-init[947]: +---[ECDSA 256]---+
[   16.478620] cloud-init[947]: |                 |
[   16.487541] cloud-init[947]: |    .            |
[   16.499331] cloud-init[947]: |  ...+  .        |
[   16.513457] cloud-init[947]: | o.o.ooo .       |
[   16.518881] cloud-init[947]: |.=+ o.O S   E    |
[   16.527317] cloud-init[947]: |++*=oB.= .   .   |
[   16.536658] cloud-init[947]: |oB=+o+o..     .  |
[   16.544710] cloud-init[947]: |+.+ oo. o.   .   |
[   16.550439] cloud-init[947]: |+. +. .. .o..    |
[   16.562176] cloud-init[947]: +----[SHA256]-----+
[   16.573051] cloud-init[947]: Generating public/private ed25519 key pair.
[   16.581566] cloud-init[947]: Your identification has been saved in /etc/ssh/ssh_host_ed25519_key.
[   16.590018] cloud-init[947]: Your public key has been saved in /etc/ssh/ssh_host_ed25519_key.pub.
[   16.598118] cloud-init[947]: The key fingerprint is:
[   16.604031] cloud-init[947]: SHA256:UADJ1ezd9pGdfgLuuC7tJnCmsBP8xIR1is766S9Aqnk root@ubuntu-xenial
[   16.608996] cloud-init[947]: The key's randomart image is:
[   16.613315] cloud-init[947]: +--[ED25519 256]--+
[   16.617712] cloud-init[947]: |   ..+o+.        |
[   16.623921] cloud-init[947]: |    o ..+        |
[   16.629297] cloud-init[947]: |     +.+ . .   o.|
[   16.634339] cloud-init[947]: |  . o o.. . + o..|
[   16.641286] cloud-init[947]: | o + o  S  o o.. |
[   16.646918] cloud-init[947]: |. . * + o   . o..|
[   16.651688] [[0;32m  OK  [0m] Started Pollinate to seed the pseudo random number generator.
cloud-init[947]: |.. o * = . o   ..|
[   16.659624] cloud-init[947]: |o E +.o o + .    |
         Starting OpenBSD Secure Shell server...
[   16.671177] cloud-init[947]: | . o++.  *+.     |
[   16.682692] cloud-init[947]: [[0;32m  OK  [0m] Started OpenBSD Secure Shell server.
+----[SHA256]-----+
[[0;32m  OK  [0m] Started Snap Daemon.
         Starting Wait until snapd is fully seeded...
[[0;32m  OK  [0m] Started Wait until snapd is fully seeded.
         Starting Apply the settings specified in cloud-config...
[[0;32m  OK  [0m] Reached target Multi-User System.
[[0;32m  OK  [0m] Reached target Graphical Interface.
         Starting Update UTMP about System Runlevel Changes...
[[0;32m  OK  [0m] Started Update UTMP about System Runlevel Changes.
[   17.604355] cloud-init[1296]: Generating locales (this might take a while)...
[   18.216478] cloud-init[1296]:   en_US.UTF-8... done
[   18.221460] cloud-init[1296]: Generation complete.
[[0;32m  OK  [0m] Created slice User Slice of vagrant.
         Starting User Manager for UID 1000...
[[0;32m  OK  [0m] Started Session 1 of user vagrant.
[[0;32m  OK  [0m] Started User Manager for UID 1000.
[   18.522691] cloud-init[1296]: Cloud-init v. 21.1-19-gbad84ad4-0ubuntu1~16.04.2 running 'modules:config' at Mon, 06 Mar 2023 14:26:43 +0000. Up 17.52 seconds.
[[0;32m  OK  [0m] Started Apply the settings specified in cloud-config.
         Starting Execute cloud user/final scripts...
ci-info: no authorized SSH keys fingerprints found for user ubuntu.
<14>Mar  6 14:26:45 ec2: 
<14>Mar  6 14:26:45 ec2: #############################################################
<14>Mar  6 14:26:45 ec2: -----BEGIN SSH HOST KEY FINGERPRINTS-----
<14>Mar  6 14:26:45 ec2: 1024 SHA256:mETDcBl5Rr1JeFflC7btimjfBHrKX0LyCNdfygutUlE root@ubuntu-xenial (DSA)
<14>Mar  6 14:26:45 ec2: 256 SHA256:oaC0m9jV07ZgC+9QpkhoSztm6gZ3+nJZxBjqfH/8/AU root@ubuntu-xenial (ECDSA)
<14>Mar  6 14:26:45 ec2: 256 SHA256:UADJ1ezd9pGdfgLuuC7tJnCmsBP8xIR1is766S9Aqnk root@ubuntu-xenial (ED25519)
<14>Mar  6 14:26:45 ec2: 2048 SHA256:m8vVuoSJmZ168yXfL6jAFT5OZnL+FAndWoS2kdI3ZQw root@ubuntu-xenial (RSA)
<14>Mar  6 14:26:45 ec2: -----END SSH HOST KEY FINGERPRINTS-----
<14>Mar  6 14:26:45 ec2: #############################################################
-----BEGIN SSH HOST KEY KEYS-----
ecdsa-sha2-nistp256 AAAAE2VjZHNhLXNoYTItbmlzdHAyNTYAAAAIbmlzdHAyNTYAAABBBElwg9eZDjqLLzLSKTdvYK7mkcTXUf69fRp+57C9uyvrdu2sg+5q45A6Rbqo5YJ5FqVLUc8Y+7DMbn+jxdKQiCY= root@ubuntu-xenial
ssh-ed25519 AAAAC3NzaC1lZDI1NTE5AAAAIMtCrNsPdCgqAAEA7b5FBGhigySUaFyrlTe02JMk32al root@ubuntu-xenial
ssh-rsa AAAAB3NzaC1yc2EAAAADAQABAAABAQDOA8w+EPVQPnU9+kk6GVw1rThm86hzXY8nlkPH67HMPj3D2kUxZ7Q98cO7jMHVVz9mbmEM7Ukeq1pSbunK97WD5t4w/zMqRqLf732ngpC5SEkoIbp+pClYgPkfbP0LUepf6QSwO+9CWAslXbCa9M4lxEYNPv0IdSjlukWFfj4eltAscnKUvDHqFNmwKApATIJa1sqIGT4RCgtIrwL8rwgU2BoCRVIUx0HBEBWLlxxOCsbqJBmCywifwK7o0gQmYRAXkK1d17SM7wOtLCYiiqrKEU/8wcpv6RZsHWP/YYd3wuEwgLEfiRDP/4UCXv6TgXPqK/ctu400A4rhjdfB8KGh root@ubuntu-xenial
-----END SSH HOST KEY KEYS-----
[   18.908563] cloud-init[1406]: Cloud-init v. 21.1-19-gbad84ad4-0ubuntu1~16.04.2 running 'modules:final' at Mon, 06 Mar 2023 14:26:44 +0000. Up 18.78 seconds.
[   18.912352] cloud-init[1406]: ci-info: no authorized SSH keys fingerprints found for user ubuntu.
[   18.916045] cloud-init[1406]: Cloud-init v. 21.1-19-gbad84ad4-0ubuntu1~16.04.2 finished at Mon, 06 Mar 2023 14:26:45 +0000. Datasource DataSourceNoCloud [seed=/dev/sdb][dsmode=net].  Up 18.90 seconds
[[0;32m  OK  [0m] Started Execute cloud user/final scripts.
[[0;32m  OK  [0m] Reached target Cloud-init target.

Ubuntu 16.04.7 LTS ubuntu-xenial ttyS0

ubuntu-xenial login: 